{"C:\\Developerr\\API\\nepal_trekking_companion_web_project\\backend\\src\\app.ts": {"path":"C:\\Developerr\\API\\nepal_trekking_companion_web_project\\backend\\src\\app.ts","statementMap":{"0":{"start":{"line":1,"column":0},"end":{"line":1,"column":80}},"1":{"start":{"line":2,"column":0},"end":{"line":2,"column":24}},"2":{"start":{"line":3,"column":0},"end":{"line":3,"column":24}},"3":{"start":{"line":4,"column":0},"end":{"line":4,"column":28}},"4":{"start":{"line":5,"column":0},"end":{"line":5,"column":50}},"5":{"start":{"line":6,"column":0},"end":{"line":6,"column":61}},"6":{"start":{"line":7,"column":0},"end":{"line":7,"column":52}},"7":{"start":{"line":8,"column":0},"end":{"line":8,"column":63}},"8":{"start":{"line":9,"column":0},"end":{"line":9,"column":50}},"9":{"start":{"line":10,"column":0},"end":{"line":10,"column":61}},"10":{"start":{"line":11,"column":0},"end":{"line":11,"column":56}},"11":{"start":{"line":12,"column":0},"end":{"line":12,"column":67}},"12":{"start":{"line":13,"column":0},"end":{"line":13,"column":50}},"13":{"start":{"line":14,"column":0},"end":{"line":14,"column":61}},"14":{"start":{"line":15,"column":0},"end":{"line":15,"column":54}},"15":{"start":{"line":16,"column":0},"end":{"line":16,"column":65}},"16":{"start":{"line":17,"column":0},"end":{"line":17,"column":46}},"17":{"start":{"line":19,"column":25},"end":{"line":19,"column":34}},"18":{"start":{"line":21,"column":0},"end":{"line":27,"column":2}},"19":{"start":{"line":29,"column":0},"end":{"line":29,"column":24}},"20":{"start":{"line":30,"column":0},"end":{"line":30,"column":48}},"21":{"start":{"line":31,"column":0},"end":{"line":31,"column":73}},"22":{"start":{"line":33,"column":0},"end":{"line":37,"column":3}},"23":{"start":{"line":34,"column":2},"end":{"line":36,"column":5}},"24":{"start":{"line":39,"column":0},"end":{"line":39,"column":36}},"25":{"start":{"line":40,"column":0},"end":{"line":40,"column":39}},"26":{"start":{"line":41,"column":0},"end":{"line":41,"column":37}},"27":{"start":{"line":42,"column":0},"end":{"line":42,"column":43}},"28":{"start":{"line":43,"column":0},"end":{"line":43,"column":37}},"29":{"start":{"line":44,"column":0},"end":{"line":44,"column":41}},"30":{"start":{"line":45,"column":0},"end":{"line":45,"column":32}},"31":{"start":{"line":46,"column":0},"end":{"line":46,"column":48}},"32":{"start":{"line":47,"column":0},"end":{"line":47,"column":50}},"33":{"start":{"line":48,"column":0},"end":{"line":48,"column":48}},"34":{"start":{"line":49,"column":0},"end":{"line":49,"column":54}},"35":{"start":{"line":50,"column":0},"end":{"line":50,"column":48}},"36":{"start":{"line":51,"column":0},"end":{"line":51,"column":52}},"37":{"start":{"line":53,"column":0},"end":{"line":58,"column":3}},"38":{"start":{"line":54,"column":2},"end":{"line":57,"column":5}},"39":{"start":{"line":60,"column":0},"end":{"line":80,"column":3}},"40":{"start":{"line":61,"column":2},"end":{"line":61,"column":31}},"41":{"start":{"line":63,"column":2},"end":{"line":74,"column":3}},"42":{"start":{"line":65,"column":6},"end":{"line":67,"column":21}},"43":{"start":{"line":69,"column":4},"end":{"line":73,"column":7}},"44":{"start":{"line":76,"column":2},"end":{"line":79,"column":5}},"45":{"start":{"line":82,"column":0},"end":{"line":82,"column":19}}},"fnMap":{"0":{"name":"(anonymous_1)","decl":{"start":{"line":33,"column":13},"end":{"line":33,"column":14}},"loc":{"start":{"line":33,"column":45},"end":{"line":37,"column":1}}},"1":{"name":"(anonymous_2)","decl":{"start":{"line":53,"column":8},"end":{"line":53,"column":9}},"loc":{"start":{"line":53,"column":40},"end":{"line":58,"column":1}}},"2":{"name":"(anonymous_3)","decl":{"start":{"line":60,"column":8},"end":{"line":60,"column":9}},"loc":{"start":{"line":60,"column":72},"end":{"line":80,"column":1}}}},"branchMap":{"0":{"loc":{"start":{"line":63,"column":2},"end":{"line":74,"column":3}},"type":"if","locations":[{"start":{"line":63,"column":2},"end":{"line":74,"column":3}},{"start":{},"end":{}}]},"1":{"loc":{"start":{"line":63,"column":6},"end":{"line":63,"column":89}},"type":"binary-expr","locations":[{"start":{"line":63,"column":6},"end":{"line":63,"column":39}},{"start":{"line":63,"column":43},"end":{"line":63,"column":89}}]},"2":{"loc":{"start":{"line":65,"column":6},"end":{"line":67,"column":21}},"type":"cond-expr","locations":[{"start":{"line":66,"column":10},"end":{"line":66,"column":41}},{"start":{"line":67,"column":10},"end":{"line":67,"column":21}}]},"3":{"loc":{"start":{"line":65,"column":6},"end":{"line":65,"column":73}},"type":"binary-expr","locations":[{"start":{"line":65,"column":6},"end":{"line":65,"column":39}},{"start":{"line":65,"column":43},"end":{"line":65,"column":73}}]}},"s":{"0":1,"1":1,"2":1,"3":1,"4":1,"5":1,"6":1,"7":1,"8":1,"9":1,"10":1,"11":1,"12":1,"13":1,"14":1,"15":1,"16":1,"17":1,"18":1,"19":1,"20":1,"21":1,"22":1,"23":1,"24":1,"25":1,"26":1,"27":1,"28":1,"29":1,"30":1,"31":1,"32":1,"33":1,"34":1,"35":1,"36":1,"37":1,"38":1,"39":1,"40":0,"41":0,"42":0,"43":0,"44":0,"45":1},"f":{"0":1,"1":1,"2":0},"b":{"0":[0,0],"1":[0,0],"2":[0,0],"3":[0,0]}}
,"C:\\Developerr\\API\\nepal_trekking_companion_web_project\\backend\\src\\configs\\constant.ts": {"path":"C:\\Developerr\\API\\nepal_trekking_companion_web_project\\backend\\src\\configs\\constant.ts","statementMap":{"0":{"start":{"line":1,"column":0},"end":{"line":1,"column":28}},"1":{"start":{"line":3,"column":0},"end":{"line":3,"column":16}},"2":{"start":{"line":5,"column":13},"end":{"line":5,"column":61}},"3":{"start":{"line":7,"column":13},"end":{"line":8,"column":85}},"4":{"start":{"line":10,"column":13},"end":{"line":11,"column":44}},"5":{"start":{"line":13,"column":13},"end":{"line":13,"column":63}},"6":{"start":{"line":14,"column":13},"end":{"line":14,"column":63}},"7":{"start":{"line":15,"column":13},"end":{"line":15,"column":84}},"8":{"start":{"line":16,"column":13},"end":{"line":16,"column":71}}},"fnMap":{},"branchMap":{"0":{"loc":{"start":{"line":5,"column":28},"end":{"line":5,"column":60}},"type":"binary-expr","locations":[{"start":{"line":5,"column":28},"end":{"line":5,"column":52}},{"start":{"line":5,"column":56},"end":{"line":5,"column":60}}]},"1":{"loc":{"start":{"line":8,"column":2},"end":{"line":8,"column":84}},"type":"binary-expr","locations":[{"start":{"line":8,"column":2},"end":{"line":8,"column":25}},{"start":{"line":8,"column":29},"end":{"line":8,"column":84}}]},"2":{"loc":{"start":{"line":11,"column":2},"end":{"line":11,"column":43}},"type":"binary-expr","locations":[{"start":{"line":11,"column":2},"end":{"line":11,"column":24}},{"start":{"line":11,"column":28},"end":{"line":11,"column":43}}]},"3":{"loc":{"start":{"line":13,"column":34},"end":{"line":13,"column":62}},"type":"binary-expr","locations":[{"start":{"line":13,"column":34},"end":{"line":13,"column":56}},{"start":{"line":13,"column":60},"end":{"line":13,"column":62}}]},"4":{"loc":{"start":{"line":14,"column":34},"end":{"line":14,"column":62}},"type":"binary-expr","locations":[{"start":{"line":14,"column":34},"end":{"line":14,"column":56}},{"start":{"line":14,"column":60},"end":{"line":14,"column":62}}]},"5":{"loc":{"start":{"line":15,"column":34},"end":{"line":15,"column":83}},"type":"binary-expr","locations":[{"start":{"line":15,"column":34},"end":{"line":15,"column":56}},{"start":{"line":15,"column":60},"end":{"line":15,"column":83}}]},"6":{"loc":{"start":{"line":16,"column":38},"end":{"line":16,"column":70}},"type":"binary-expr","locations":[{"start":{"line":16,"column":38},"end":{"line":16,"column":64}},{"start":{"line":16,"column":68},"end":{"line":16,"column":70}}]}},"s":{"0":1,"1":1,"2":1,"3":1,"4":1,"5":1,"6":1,"7":1,"8":1},"f":{},"b":{"0":[1,0],"1":[1,0],"2":[1,0],"3":[1,0],"4":[1,0],"5":[1,0],"6":[1,0]}}
,"C:\\Developerr\\API\\nepal_trekking_companion_web_project\\backend\\src\\controllers\\ai.controller.ts": {"path":"C:\\Developerr\\API\\nepal_trekking_companion_web_project\\backend\\src\\controllers\\ai.controller.ts","statementMap":{"0":{"start":{"line":2,"column":0},"end":{"line":2,"column":51}},"1":{"start":{"line":3,"column":0},"end":{"line":3,"column":61}},"2":{"start":{"line":5,"column":18},"end":{"line":5,"column":33}},"3":{"start":{"line":9,"column":4},"end":{"line":19,"column":5}},"4":{"start":{"line":10,"column":23},"end":{"line":10,"column":85}},"5":{"start":{"line":11,"column":21},"end":{"line":11,"column":63}},"6":{"start":{"line":12,"column":6},"end":{"line":12,"column":90}},"7":{"start":{"line":14,"column":6},"end":{"line":18,"column":8}},"8":{"start":{"line":7,"column":0},"end":{"line":7,"column":13}}},"fnMap":{"0":{"name":"(anonymous_0)","decl":{"start":{"line":8,"column":2},"end":{"line":8,"column":7}},"loc":{"start":{"line":8,"column":52},"end":{"line":20,"column":3}}}},"branchMap":{"0":{"loc":{"start":{"line":10,"column":23},"end":{"line":10,"column":85}},"type":"cond-expr","locations":[{"start":{"line":10,"column":63},"end":{"line":10,"column":80}},{"start":{"line":10,"column":83},"end":{"line":10,"column":85}}]},"1":{"loc":{"start":{"line":16,"column":8},"end":{"line":16,"column":57}},"type":"binary-expr","locations":[{"start":{"line":16,"column":8},"end":{"line":16,"column":21}},{"start":{"line":16,"column":25},"end":{"line":16,"column":57}}]},"2":{"loc":{"start":{"line":17,"column":8},"end":{"line":17,"column":27}},"type":"binary-expr","locations":[{"start":{"line":17,"column":8},"end":{"line":17,"column":20}},{"start":{"line":17,"column":24},"end":{"line":17,"column":27}}]}},"s":{"0":1,"1":1,"2":1,"3":0,"4":0,"5":0,"6":0,"7":0,"8":1},"f":{"0":0},"b":{"0":[0,0],"1":[0,0],"2":[0,0]}}
,"C:\\Developerr\\API\\nepal_trekking_companion_web_project\\backend\\src\\controllers\\blog.controller.ts": {"path":"C:\\Developerr\\API\\nepal_trekking_companion_web_project\\backend\\src\\controllers\\blog.controller.ts","statementMap":{"0":{"start":{"line":2,"column":0},"end":{"line":2,"column":24}},"1":{"start":{"line":3,"column":0},"end":{"line":3,"column":72}},"2":{"start":{"line":4,"column":0},"end":{"line":4,"column":55}},"3":{"start":{"line":5,"column":0},"end":{"line":5,"column":61}},"4":{"start":{"line":7,"column":20},"end":{"line":7,"column":37}},"5":{"start":{"line":9,"column":25},"end":{"line":12,"column":2}},"6":{"start":{"line":16,"column":4},"end":{"line":30,"column":5}},"7":{"start":{"line":17,"column":20},"end":{"line":17,"column":57}},"8":{"start":{"line":18,"column":6},"end":{"line":20,"column":7}},"9":{"start":{"line":19,"column":8},"end":{"line":19,"column":79}},"10":{"start":{"line":22,"column":20},"end":{"line":22,"column":67}},"11":{"start":{"line":23,"column":6},"end":{"line":23,"column":81}},"12":{"start":{"line":25,"column":6},"end":{"line":29,"column":8}},"13":{"start":{"line":34,"column":4},"end":{"line":43,"column":5}},"14":{"start":{"line":35,"column":19},"end":{"line":35,"column":86}},"15":{"start":{"line":36,"column":6},"end":{"line":36,"column":79}},"16":{"start":{"line":38,"column":6},"end":{"line":42,"column":8}},"17":{"start":{"line":47,"column":4},"end":{"line":72,"column":5}},"18":{"start":{"line":48,"column":19},"end":{"line":48,"column":27}},"19":{"start":{"line":49,"column":24},"end":{"line":54,"column":8}},"20":{"start":{"line":55,"column":6},"end":{"line":57,"column":7}},"21":{"start":{"line":56,"column":8},"end":{"line":56,"column":83}},"22":{"start":{"line":59,"column":20},"end":{"line":59,"column":65}},"23":{"start":{"line":60,"column":6},"end":{"line":65,"column":8}},"24":{"start":{"line":67,"column":6},"end":{"line":71,"column":8}},"25":{"start":{"line":76,"column":4},"end":{"line":94,"column":5}},"26":{"start":{"line":77,"column":19},"end":{"line":77,"column":27}},"27":{"start":{"line":78,"column":26},"end":{"line":81,"column":8}},"28":{"start":{"line":82,"column":6},"end":{"line":84,"column":7}},"29":{"start":{"line":83,"column":8},"end":{"line":83,"column":85}},"30":{"start":{"line":86,"column":19},"end":{"line":86,"column":92}},"31":{"start":{"line":87,"column":6},"end":{"line":87,"column":85}},"32":{"start":{"line":89,"column":6},"end":{"line":93,"column":8}},"33":{"start":{"line":14,"column":0},"end":{"line":14,"column":13}},"34":{"start":{"line":99,"column":2},"end":{"line":101,"column":3}},"35":{"start":{"line":100,"column":4},"end":{"line":100,"column":17}},"36":{"start":{"line":103,"column":2},"end":{"line":105,"column":3}},"37":{"start":{"line":104,"column":4},"end":{"line":104,"column":14}},"38":{"start":{"line":107,"column":2},"end":{"line":114,"column":3}},"39":{"start":{"line":108,"column":4},"end":{"line":108,"column":29}},"40":{"start":{"line":110,"column":4},"end":{"line":113,"column":23}},"41":{"start":{"line":112,"column":21},"end":{"line":112,"column":32}}},"fnMap":{"0":{"name":"(anonymous_0)","decl":{"start":{"line":15,"column":2},"end":{"line":15,"column":7}},"loc":{"start":{"line":15,"column":47},"end":{"line":31,"column":3}}},"1":{"name":"(anonymous_1)","decl":{"start":{"line":33,"column":2},"end":{"line":33,"column":7}},"loc":{"start":{"line":33,"column":49},"end":{"line":44,"column":3}}},"2":{"name":"(anonymous_2)","decl":{"start":{"line":46,"column":2},"end":{"line":46,"column":7}},"loc":{"start":{"line":46,"column":47},"end":{"line":73,"column":3}}},"3":{"name":"(anonymous_3)","decl":{"start":{"line":75,"column":2},"end":{"line":75,"column":7}},"loc":{"start":{"line":75,"column":46},"end":{"line":95,"column":3}}},"4":{"name":"parseRelatedTrails","decl":{"start":{"line":98,"column":9},"end":{"line":98,"column":27}},"loc":{"start":{"line":98,"column":42},"end":{"line":115,"column":1}}},"5":{"name":"(anonymous_5)","decl":{"start":{"line":112,"column":11},"end":{"line":112,"column":12}},"loc":{"start":{"line":112,"column":21},"end":{"line":112,"column":32}}}},"branchMap":{"0":{"loc":{"start":{"line":18,"column":6},"end":{"line":20,"column":7}},"type":"if","locations":[{"start":{"line":18,"column":6},"end":{"line":20,"column":7}},{"start":{},"end":{}}]},"1":{"loc":{"start":{"line":27,"column":8},"end":{"line":27,"column":48}},"type":"binary-expr","locations":[{"start":{"line":27,"column":8},"end":{"line":27,"column":21}},{"start":{"line":27,"column":25},"end":{"line":27,"column":48}}]},"2":{"loc":{"start":{"line":28,"column":8},"end":{"line":28,"column":27}},"type":"binary-expr","locations":[{"start":{"line":28,"column":8},"end":{"line":28,"column":20}},{"start":{"line":28,"column":24},"end":{"line":28,"column":27}}]},"3":{"loc":{"start":{"line":40,"column":8},"end":{"line":40,"column":47}},"type":"binary-expr","locations":[{"start":{"line":40,"column":8},"end":{"line":40,"column":21}},{"start":{"line":40,"column":25},"end":{"line":40,"column":47}}]},"4":{"loc":{"start":{"line":41,"column":8},"end":{"line":41,"column":27}},"type":"binary-expr","locations":[{"start":{"line":41,"column":8},"end":{"line":41,"column":20}},{"start":{"line":41,"column":24},"end":{"line":41,"column":27}}]},"5":{"loc":{"start":{"line":51,"column":20},"end":{"line":51,"column":90}},"type":"cond-expr","locations":[{"start":{"line":51,"column":31},"end":{"line":51,"column":68}},{"start":{"line":51,"column":71},"end":{"line":51,"column":90}}]},"6":{"loc":{"start":{"line":52,"column":20},"end":{"line":52,"column":57}},"type":"binary-expr","locations":[{"start":{"line":52,"column":20},"end":{"line":52,"column":34}},{"start":{"line":52,"column":38},"end":{"line":52,"column":57}}]},"7":{"loc":{"start":{"line":55,"column":6},"end":{"line":57,"column":7}},"type":"if","locations":[{"start":{"line":55,"column":6},"end":{"line":57,"column":7}},{"start":{},"end":{}}]},"8":{"loc":{"start":{"line":69,"column":8},"end":{"line":69,"column":49}},"type":"binary-expr","locations":[{"start":{"line":69,"column":8},"end":{"line":69,"column":21}},{"start":{"line":69,"column":25},"end":{"line":69,"column":49}}]},"9":{"loc":{"start":{"line":70,"column":8},"end":{"line":70,"column":27}},"type":"binary-expr","locations":[{"start":{"line":70,"column":8},"end":{"line":70,"column":20}},{"start":{"line":70,"column":24},"end":{"line":70,"column":27}}]},"10":{"loc":{"start":{"line":80,"column":20},"end":{"line":80,"column":57}},"type":"binary-expr","locations":[{"start":{"line":80,"column":20},"end":{"line":80,"column":34}},{"start":{"line":80,"column":38},"end":{"line":80,"column":57}}]},"11":{"loc":{"start":{"line":82,"column":6},"end":{"line":84,"column":7}},"type":"if","locations":[{"start":{"line":82,"column":6},"end":{"line":84,"column":7}},{"start":{},"end":{}}]},"12":{"loc":{"start":{"line":91,"column":8},"end":{"line":91,"column":48}},"type":"binary-expr","locations":[{"start":{"line":91,"column":8},"end":{"line":91,"column":21}},{"start":{"line":91,"column":25},"end":{"line":91,"column":48}}]},"13":{"loc":{"start":{"line":92,"column":8},"end":{"line":92,"column":27}},"type":"binary-expr","locations":[{"start":{"line":92,"column":8},"end":{"line":92,"column":20}},{"start":{"line":92,"column":24},"end":{"line":92,"column":27}}]},"14":{"loc":{"start":{"line":99,"column":2},"end":{"line":101,"column":3}},"type":"if","locations":[{"start":{"line":99,"column":2},"end":{"line":101,"column":3}},{"start":{},"end":{}}]},"15":{"loc":{"start":{"line":103,"column":2},"end":{"line":105,"column":3}},"type":"if","locations":[{"start":{"line":103,"column":2},"end":{"line":105,"column":3}},{"start":{},"end":{}}]},"16":{"loc":{"start":{"line":103,"column":6},"end":{"line":103,"column":48}},"type":"binary-expr","locations":[{"start":{"line":103,"column":6},"end":{"line":103,"column":31}},{"start":{"line":103,"column":35},"end":{"line":103,"column":48}}]}},"s":{"0":1,"1":1,"2":1,"3":1,"4":1,"5":1,"6":0,"7":0,"8":0,"9":0,"10":0,"11":0,"12":0,"13":0,"14":0,"15":0,"16":0,"17":0,"18":0,"19":0,"20":0,"21":0,"22":0,"23":0,"24":0,"25":0,"26":0,"27":0,"28":0,"29":0,"30":0,"31":0,"32":0,"33":1,"34":0,"35":0,"36":0,"37":0,"38":0,"39":0,"40":0,"41":0},"f":{"0":0,"1":0,"2":0,"3":0,"4":0,"5":0},"b":{"0":[0,0],"1":[0,0],"2":[0,0],"3":[0,0],"4":[0,0],"5":[0,0],"6":[0,0],"7":[0,0],"8":[0,0],"9":[0,0],"10":[0,0],"11":[0,0],"12":[0,0],"13":[0,0],"14":[0,0],"15":[0,0],"16":[0,0]}}
,"C:\\Developerr\\API\\nepal_trekking_companion_web_project\\backend\\src\\controllers\\booking.controller.ts": {"path":"C:\\Developerr\\API\\nepal_trekking_companion_web_project\\backend\\src\\controllers\\booking.controller.ts","statementMap":{"0":{"start":{"line":2,"column":0},"end":{"line":2,"column":24}},"1":{"start":{"line":3,"column":0},"end":{"line":3,"column":55}},"2":{"start":{"line":4,"column":0},"end":{"line":4,"column":61}},"3":{"start":{"line":5,"column":0},"end":{"line":5,"column":61}},"4":{"start":{"line":7,"column":23},"end":{"line":7,"column":43}},"5":{"start":{"line":11,"column":4},"end":{"line":30,"column":5}},"6":{"start":{"line":12,"column":21},"end":{"line":12,"column":46}},"7":{"start":{"line":13,"column":6},"end":{"line":15,"column":7}},"8":{"start":{"line":14,"column":8},"end":{"line":14,"column":65}},"9":{"start":{"line":17,"column":26},"end":{"line":17,"column":62}},"10":{"start":{"line":18,"column":6},"end":{"line":20,"column":7}},"11":{"start":{"line":19,"column":8},"end":{"line":19,"column":85}},"12":{"start":{"line":22,"column":22},"end":{"line":22,"column":82}},"13":{"start":{"line":23,"column":6},"end":{"line":23,"column":90}},"14":{"start":{"line":25,"column":6},"end":{"line":29,"column":8}},"15":{"start":{"line":34,"column":4},"end":{"line":48,"column":5}},"16":{"start":{"line":35,"column":21},"end":{"line":35,"column":46}},"17":{"start":{"line":36,"column":6},"end":{"line":38,"column":7}},"18":{"start":{"line":37,"column":8},"end":{"line":37,"column":65}},"19":{"start":{"line":40,"column":23},"end":{"line":40,"column":67}},"20":{"start":{"line":41,"column":6},"end":{"line":41,"column":87}},"21":{"start":{"line":43,"column":6},"end":{"line":47,"column":8}},"22":{"start":{"line":52,"column":4},"end":{"line":69,"column":5}},"23":{"start":{"line":53,"column":21},"end":{"line":53,"column":46}},"24":{"start":{"line":54,"column":6},"end":{"line":56,"column":7}},"25":{"start":{"line":55,"column":8},"end":{"line":55,"column":65}},"26":{"start":{"line":58,"column":22},"end":{"line":60,"column":null}},"27":{"start":{"line":62,"column":6},"end":{"line":62,"column":85}},"28":{"start":{"line":64,"column":6},"end":{"line":68,"column":8}},"29":{"start":{"line":9,"column":0},"end":{"line":9,"column":13}}},"fnMap":{"0":{"name":"(anonymous_0)","decl":{"start":{"line":10,"column":2},"end":{"line":10,"column":7}},"loc":{"start":{"line":10,"column":49},"end":{"line":31,"column":3}}},"1":{"name":"(anonymous_1)","decl":{"start":{"line":33,"column":2},"end":{"line":33,"column":7}},"loc":{"start":{"line":33,"column":49},"end":{"line":49,"column":3}}},"2":{"name":"(anonymous_2)","decl":{"start":{"line":51,"column":2},"end":{"line":51,"column":7}},"loc":{"start":{"line":51,"column":52},"end":{"line":70,"column":3}}}},"branchMap":{"0":{"loc":{"start":{"line":13,"column":6},"end":{"line":15,"column":7}},"type":"if","locations":[{"start":{"line":13,"column":6},"end":{"line":15,"column":7}},{"start":{},"end":{}}]},"1":{"loc":{"start":{"line":18,"column":6},"end":{"line":20,"column":7}},"type":"if","locations":[{"start":{"line":18,"column":6},"end":{"line":20,"column":7}},{"start":{},"end":{}}]},"2":{"loc":{"start":{"line":27,"column":8},"end":{"line":27,"column":51}},"type":"binary-expr","locations":[{"start":{"line":27,"column":8},"end":{"line":27,"column":21}},{"start":{"line":27,"column":25},"end":{"line":27,"column":51}}]},"3":{"loc":{"start":{"line":28,"column":8},"end":{"line":28,"column":27}},"type":"binary-expr","locations":[{"start":{"line":28,"column":8},"end":{"line":28,"column":20}},{"start":{"line":28,"column":24},"end":{"line":28,"column":27}}]},"4":{"loc":{"start":{"line":36,"column":6},"end":{"line":38,"column":7}},"type":"if","locations":[{"start":{"line":36,"column":6},"end":{"line":38,"column":7}},{"start":{},"end":{}}]},"5":{"loc":{"start":{"line":45,"column":8},"end":{"line":45,"column":51}},"type":"binary-expr","locations":[{"start":{"line":45,"column":8},"end":{"line":45,"column":21}},{"start":{"line":45,"column":25},"end":{"line":45,"column":51}}]},"6":{"loc":{"start":{"line":46,"column":8},"end":{"line":46,"column":27}},"type":"binary-expr","locations":[{"start":{"line":46,"column":8},"end":{"line":46,"column":20}},{"start":{"line":46,"column":24},"end":{"line":46,"column":27}}]},"7":{"loc":{"start":{"line":54,"column":6},"end":{"line":56,"column":7}},"type":"if","locations":[{"start":{"line":54,"column":6},"end":{"line":56,"column":7}},{"start":{},"end":{}}]},"8":{"loc":{"start":{"line":66,"column":8},"end":{"line":66,"column":50}},"type":"binary-expr","locations":[{"start":{"line":66,"column":8},"end":{"line":66,"column":21}},{"start":{"line":66,"column":25},"end":{"line":66,"column":50}}]},"9":{"loc":{"start":{"line":67,"column":8},"end":{"line":67,"column":27}},"type":"binary-expr","locations":[{"start":{"line":67,"column":8},"end":{"line":67,"column":20}},{"start":{"line":67,"column":24},"end":{"line":67,"column":27}}]}},"s":{"0":1,"1":1,"2":1,"3":1,"4":1,"5":2,"6":2,"7":2,"8":0,"9":2,"10":2,"11":1,"12":1,"13":1,"14":0,"15":1,"16":1,"17":1,"18":0,"19":1,"20":1,"21":0,"22":2,"23":2,"24":2,"25":0,"26":2,"27":1,"28":1,"29":1},"f":{"0":2,"1":1,"2":2},"b":{"0":[0,2],"1":[1,1],"2":[0,0],"3":[0,0],"4":[0,1],"5":[0,0],"6":[0,0],"7":[0,2],"8":[1,0],"9":[1,0]}}
,"C:\\Developerr\\API\\nepal_trekking_companion_web_project\\backend\\src\\controllers\\review.controller.ts": {"path":"C:\\Developerr\\API\\nepal_trekking_companion_web_project\\backend\\src\\controllers\\review.controller.ts","statementMap":{"0":{"start":{"line":2,"column":0},"end":{"line":2,"column":24}},"1":{"start":{"line":3,"column":0},"end":{"line":3,"column":70}},"2":{"start":{"line":4,"column":0},"end":{"line":4,"column":59}},"3":{"start":{"line":5,"column":0},"end":{"line":5,"column":61}},"4":{"start":{"line":7,"column":22},"end":{"line":7,"column":41}},"5":{"start":{"line":9,"column":19},"end":{"line":12,"column":1}},"6":{"start":{"line":10,"column":17},"end":{"line":10,"column":32}},"7":{"start":{"line":11,"column":2},"end":{"line":11,"column":66}},"8":{"start":{"line":11,"column":29},"end":{"line":11,"column":64}},"9":{"start":{"line":16,"column":4},"end":{"line":25,"column":5}},"10":{"start":{"line":17,"column":19},"end":{"line":17,"column":84}},"11":{"start":{"line":18,"column":6},"end":{"line":18,"column":82}},"12":{"start":{"line":20,"column":6},"end":{"line":24,"column":8}},"13":{"start":{"line":29,"column":4},"end":{"line":50,"column":5}},"14":{"start":{"line":30,"column":21},"end":{"line":30,"column":46}},"15":{"start":{"line":31,"column":6},"end":{"line":31,"column":76}},"16":{"start":{"line":31,"column":19},"end":{"line":31,"column":76}},"17":{"start":{"line":33,"column":25},"end":{"line":33,"column":60}},"18":{"start":{"line":34,"column":6},"end":{"line":36,"column":7}},"19":{"start":{"line":35,"column":8},"end":{"line":35,"column":84}},"20":{"start":{"line":38,"column":21},"end":{"line":41,"column":null}},"21":{"start":{"line":43,"column":6},"end":{"line":43,"column":90}},"22":{"start":{"line":45,"column":6},"end":{"line":49,"column":8}},"23":{"start":{"line":54,"column":4},"end":{"line":76,"column":5}},"24":{"start":{"line":55,"column":21},"end":{"line":55,"column":46}},"25":{"start":{"line":56,"column":6},"end":{"line":56,"column":76}},"26":{"start":{"line":56,"column":19},"end":{"line":56,"column":76}},"27":{"start":{"line":58,"column":25},"end":{"line":58,"column":60}},"28":{"start":{"line":59,"column":6},"end":{"line":61,"column":7}},"29":{"start":{"line":60,"column":8},"end":{"line":60,"column":84}},"30":{"start":{"line":63,"column":21},"end":{"line":67,"column":null}},"31":{"start":{"line":69,"column":6},"end":{"line":69,"column":83}},"32":{"start":{"line":71,"column":6},"end":{"line":75,"column":8}},"33":{"start":{"line":80,"column":4},"end":{"line":92,"column":5}},"34":{"start":{"line":81,"column":21},"end":{"line":81,"column":46}},"35":{"start":{"line":82,"column":6},"end":{"line":82,"column":76}},"36":{"start":{"line":82,"column":19},"end":{"line":82,"column":76}},"37":{"start":{"line":84,"column":6},"end":{"line":84,"column":72}},"38":{"start":{"line":85,"column":6},"end":{"line":85,"column":81}},"39":{"start":{"line":87,"column":6},"end":{"line":91,"column":8}},"40":{"start":{"line":14,"column":0},"end":{"line":14,"column":13}}},"fnMap":{"0":{"name":"(anonymous_0)","decl":{"start":{"line":9,"column":19},"end":{"line":9,"column":20}},"loc":{"start":{"line":9,"column":36},"end":{"line":12,"column":1}}},"1":{"name":"(anonymous_1)","decl":{"start":{"line":11,"column":19},"end":{"line":11,"column":20}},"loc":{"start":{"line":11,"column":29},"end":{"line":11,"column":64}}},"2":{"name":"(anonymous_2)","decl":{"start":{"line":15,"column":2},"end":{"line":15,"column":7}},"loc":{"start":{"line":15,"column":50},"end":{"line":26,"column":3}}},"3":{"name":"(anonymous_3)","decl":{"start":{"line":28,"column":2},"end":{"line":28,"column":7}},"loc":{"start":{"line":28,"column":48},"end":{"line":51,"column":3}}},"4":{"name":"(anonymous_4)","decl":{"start":{"line":53,"column":2},"end":{"line":53,"column":7}},"loc":{"start":{"line":53,"column":48},"end":{"line":77,"column":3}}},"5":{"name":"(anonymous_5)","decl":{"start":{"line":79,"column":2},"end":{"line":79,"column":7}},"loc":{"start":{"line":79,"column":48},"end":{"line":93,"column":3}}}},"branchMap":{"0":{"loc":{"start":{"line":10,"column":17},"end":{"line":10,"column":32}},"type":"binary-expr","locations":[{"start":{"line":10,"column":17},"end":{"line":10,"column":26}},{"start":{"line":10,"column":30},"end":{"line":10,"column":32}}]},"1":{"loc":{"start":{"line":22,"column":8},"end":{"line":22,"column":50}},"type":"binary-expr","locations":[{"start":{"line":22,"column":8},"end":{"line":22,"column":21}},{"start":{"line":22,"column":25},"end":{"line":22,"column":50}}]},"2":{"loc":{"start":{"line":23,"column":8},"end":{"line":23,"column":27}},"type":"binary-expr","locations":[{"start":{"line":23,"column":8},"end":{"line":23,"column":20}},{"start":{"line":23,"column":24},"end":{"line":23,"column":27}}]},"3":{"loc":{"start":{"line":31,"column":6},"end":{"line":31,"column":76}},"type":"if","locations":[{"start":{"line":31,"column":6},"end":{"line":31,"column":76}},{"start":{},"end":{}}]},"4":{"loc":{"start":{"line":34,"column":6},"end":{"line":36,"column":7}},"type":"if","locations":[{"start":{"line":34,"column":6},"end":{"line":36,"column":7}},{"start":{},"end":{}}]},"5":{"loc":{"start":{"line":47,"column":8},"end":{"line":47,"column":50}},"type":"binary-expr","locations":[{"start":{"line":47,"column":8},"end":{"line":47,"column":21}},{"start":{"line":47,"column":25},"end":{"line":47,"column":50}}]},"6":{"loc":{"start":{"line":48,"column":8},"end":{"line":48,"column":27}},"type":"binary-expr","locations":[{"start":{"line":48,"column":8},"end":{"line":48,"column":20}},{"start":{"line":48,"column":24},"end":{"line":48,"column":27}}]},"7":{"loc":{"start":{"line":56,"column":6},"end":{"line":56,"column":76}},"type":"if","locations":[{"start":{"line":56,"column":6},"end":{"line":56,"column":76}},{"start":{},"end":{}}]},"8":{"loc":{"start":{"line":59,"column":6},"end":{"line":61,"column":7}},"type":"if","locations":[{"start":{"line":59,"column":6},"end":{"line":61,"column":7}},{"start":{},"end":{}}]},"9":{"loc":{"start":{"line":73,"column":8},"end":{"line":73,"column":50}},"type":"binary-expr","locations":[{"start":{"line":73,"column":8},"end":{"line":73,"column":21}},{"start":{"line":73,"column":25},"end":{"line":73,"column":50}}]},"10":{"loc":{"start":{"line":74,"column":8},"end":{"line":74,"column":27}},"type":"binary-expr","locations":[{"start":{"line":74,"column":8},"end":{"line":74,"column":20}},{"start":{"line":74,"column":24},"end":{"line":74,"column":27}}]},"11":{"loc":{"start":{"line":82,"column":6},"end":{"line":82,"column":76}},"type":"if","locations":[{"start":{"line":82,"column":6},"end":{"line":82,"column":76}},{"start":{},"end":{}}]},"12":{"loc":{"start":{"line":89,"column":8},"end":{"line":89,"column":50}},"type":"binary-expr","locations":[{"start":{"line":89,"column":8},"end":{"line":89,"column":21}},{"start":{"line":89,"column":25},"end":{"line":89,"column":50}}]},"13":{"loc":{"start":{"line":90,"column":8},"end":{"line":90,"column":27}},"type":"binary-expr","locations":[{"start":{"line":90,"column":8},"end":{"line":90,"column":20}},{"start":{"line":90,"column":24},"end":{"line":90,"column":27}}]}},"s":{"0":1,"1":1,"2":1,"3":1,"4":1,"5":1,"6":0,"7":0,"8":0,"9":0,"10":0,"11":0,"12":0,"13":0,"14":0,"15":0,"16":0,"17":0,"18":0,"19":0,"20":0,"21":0,"22":0,"23":0,"24":0,"25":0,"26":0,"27":0,"28":0,"29":0,"30":0,"31":0,"32":0,"33":0,"34":0,"35":0,"36":0,"37":0,"38":0,"39":0,"40":1},"f":{"0":0,"1":0,"2":0,"3":0,"4":0,"5":0},"b":{"0":[0,0],"1":[0,0],"2":[0,0],"3":[0,0],"4":[0,0],"5":[0,0],"6":[0,0],"7":[0,0],"8":[0,0],"9":[0,0],"10":[0,0],"11":[0,0],"12":[0,0],"13":[0,0]}}
,"C:\\Developerr\\API\\nepal_trekking_companion_web_project\\backend\\src\\controllers\\stay.controller.ts": {"path":"C:\\Developerr\\API\\nepal_trekking_companion_web_project\\backend\\src\\controllers\\stay.controller.ts","statementMap":{"0":{"start":{"line":2,"column":0},"end":{"line":2,"column":55}},"1":{"start":{"line":3,"column":0},"end":{"line":3,"column":61}},"2":{"start":{"line":5,"column":20},"end":{"line":5,"column":37}},"3":{"start":{"line":9,"column":4},"end":{"line":14,"column":5}},"4":{"start":{"line":10,"column":20},"end":{"line":10,"column":51}},"5":{"start":{"line":11,"column":6},"end":{"line":11,"column":81}},"6":{"start":{"line":13,"column":6},"end":{"line":13,"column":105}},"7":{"start":{"line":18,"column":4},"end":{"line":23,"column":5}},"8":{"start":{"line":19,"column":19},"end":{"line":19,"column":77}},"9":{"start":{"line":20,"column":6},"end":{"line":20,"column":79}},"10":{"start":{"line":22,"column":6},"end":{"line":22,"column":104}},"11":{"start":{"line":7,"column":0},"end":{"line":7,"column":13}}},"fnMap":{"0":{"name":"(anonymous_0)","decl":{"start":{"line":8,"column":2},"end":{"line":8,"column":7}},"loc":{"start":{"line":8,"column":47},"end":{"line":15,"column":3}}},"1":{"name":"(anonymous_1)","decl":{"start":{"line":17,"column":2},"end":{"line":17,"column":7}},"loc":{"start":{"line":17,"column":49},"end":{"line":24,"column":3}}}},"branchMap":{"0":{"loc":{"start":{"line":13,"column":42},"end":{"line":13,"column":82}},"type":"binary-expr","locations":[{"start":{"line":13,"column":42},"end":{"line":13,"column":55}},{"start":{"line":13,"column":59},"end":{"line":13,"column":82}}]},"1":{"loc":{"start":{"line":13,"column":84},"end":{"line":13,"column":103}},"type":"binary-expr","locations":[{"start":{"line":13,"column":84},"end":{"line":13,"column":96}},{"start":{"line":13,"column":100},"end":{"line":13,"column":103}}]},"2":{"loc":{"start":{"line":22,"column":42},"end":{"line":22,"column":81}},"type":"binary-expr","locations":[{"start":{"line":22,"column":42},"end":{"line":22,"column":55}},{"start":{"line":22,"column":59},"end":{"line":22,"column":81}}]},"3":{"loc":{"start":{"line":22,"column":83},"end":{"line":22,"column":102}},"type":"binary-expr","locations":[{"start":{"line":22,"column":83},"end":{"line":22,"column":95}},{"start":{"line":22,"column":99},"end":{"line":22,"column":102}}]}},"s":{"0":1,"1":1,"2":1,"3":1,"4":1,"5":1,"6":0,"7":2,"8":2,"9":1,"10":1,"11":1},"f":{"0":1,"1":2},"b":{"0":[0,0],"1":[0,0],"2":[1,0],"3":[1,0]}}
,"C:\\Developerr\\API\\nepal_trekking_companion_web_project\\backend\\src\\controllers\\trail.controller.ts": {"path":"C:\\Developerr\\API\\nepal_trekking_companion_web_project\\backend\\src\\controllers\\trail.controller.ts","statementMap":{"0":{"start":{"line":2,"column":0},"end":{"line":2,"column":57}},"1":{"start":{"line":3,"column":0},"end":{"line":3,"column":61}},"2":{"start":{"line":5,"column":21},"end":{"line":5,"column":39}},"3":{"start":{"line":9,"column":4},"end":{"line":18,"column":5}},"4":{"start":{"line":10,"column":21},"end":{"line":10,"column":54}},"5":{"start":{"line":11,"column":6},"end":{"line":11,"column":83}},"6":{"start":{"line":13,"column":6},"end":{"line":17,"column":8}},"7":{"start":{"line":22,"column":4},"end":{"line":31,"column":5}},"8":{"start":{"line":23,"column":20},"end":{"line":23,"column":80}},"9":{"start":{"line":24,"column":6},"end":{"line":24,"column":81}},"10":{"start":{"line":26,"column":6},"end":{"line":30,"column":8}},"11":{"start":{"line":7,"column":0},"end":{"line":7,"column":13}}},"fnMap":{"0":{"name":"(anonymous_0)","decl":{"start":{"line":8,"column":2},"end":{"line":8,"column":7}},"loc":{"start":{"line":8,"column":48},"end":{"line":19,"column":3}}},"1":{"name":"(anonymous_1)","decl":{"start":{"line":21,"column":2},"end":{"line":21,"column":7}},"loc":{"start":{"line":21,"column":50},"end":{"line":32,"column":3}}}},"branchMap":{"0":{"loc":{"start":{"line":15,"column":8},"end":{"line":15,"column":49}},"type":"binary-expr","locations":[{"start":{"line":15,"column":8},"end":{"line":15,"column":21}},{"start":{"line":15,"column":25},"end":{"line":15,"column":49}}]},"1":{"loc":{"start":{"line":16,"column":8},"end":{"line":16,"column":27}},"type":"binary-expr","locations":[{"start":{"line":16,"column":8},"end":{"line":16,"column":20}},{"start":{"line":16,"column":24},"end":{"line":16,"column":27}}]},"2":{"loc":{"start":{"line":28,"column":8},"end":{"line":28,"column":48}},"type":"binary-expr","locations":[{"start":{"line":28,"column":8},"end":{"line":28,"column":21}},{"start":{"line":28,"column":25},"end":{"line":28,"column":48}}]},"3":{"loc":{"start":{"line":29,"column":8},"end":{"line":29,"column":27}},"type":"binary-expr","locations":[{"start":{"line":29,"column":8},"end":{"line":29,"column":20}},{"start":{"line":29,"column":24},"end":{"line":29,"column":27}}]}},"s":{"0":1,"1":1,"2":1,"3":1,"4":1,"5":1,"6":0,"7":2,"8":2,"9":1,"10":1,"11":1},"f":{"0":1,"1":2},"b":{"0":[0,0],"1":[0,0],"2":[1,0],"3":[1,0]}}
,"C:\\Developerr\\API\\nepal_trekking_companion_web_project\\backend\\src\\controllers\\user.controller.ts": {"path":"C:\\Developerr\\API\\nepal_trekking_companion_web_project\\backend\\src\\controllers\\user.controller.ts","statementMap":{"0":{"start":{"line":1,"column":0},"end":{"line":1,"column":55}},"1":{"start":{"line":2,"column":0},"end":{"line":2,"column":24}},"2":{"start":{"line":3,"column":0},"end":{"line":3,"column":null}},"3":{"start":{"line":11,"column":0},"end":{"line":11,"column":61}},"4":{"start":{"line":13,"column":20},"end":{"line":13,"column":37}},"5":{"start":{"line":17,"column":4},"end":{"line":41,"column":5}},"6":{"start":{"line":18,"column":23},"end":{"line":18,"column":56}},"7":{"start":{"line":20,"column":6},"end":{"line":26,"column":7}},"8":{"start":{"line":21,"column":8},"end":{"line":25,"column":10}},"9":{"start":{"line":28,"column":19},"end":{"line":28,"column":62}},"10":{"start":{"line":30,"column":6},"end":{"line":34,"column":8}},"11":{"start":{"line":36,"column":6},"end":{"line":40,"column":8}},"12":{"start":{"line":45,"column":4},"end":{"line":69,"column":5}},"13":{"start":{"line":46,"column":25},"end":{"line":46,"column":57}},"14":{"start":{"line":48,"column":6},"end":{"line":54,"column":7}},"15":{"start":{"line":49,"column":8},"end":{"line":53,"column":10}},"16":{"start":{"line":56,"column":30},"end":{"line":56,"column":74}},"17":{"start":{"line":58,"column":6},"end":{"line":62,"column":8}},"18":{"start":{"line":64,"column":6},"end":{"line":68,"column":8}},"19":{"start":{"line":73,"column":4},"end":{"line":93,"column":5}},"20":{"start":{"line":74,"column":21},"end":{"line":74,"column":46}},"21":{"start":{"line":76,"column":6},"end":{"line":78,"column":7}},"22":{"start":{"line":77,"column":8},"end":{"line":77,"column":65}},"23":{"start":{"line":80,"column":19},"end":{"line":80,"column":59}},"24":{"start":{"line":82,"column":6},"end":{"line":86,"column":8}},"25":{"start":{"line":88,"column":6},"end":{"line":92,"column":8}},"26":{"start":{"line":97,"column":4},"end":{"line":134,"column":5}},"27":{"start":{"line":98,"column":21},"end":{"line":98,"column":46}},"28":{"start":{"line":100,"column":6},"end":{"line":102,"column":7}},"29":{"start":{"line":101,"column":8},"end":{"line":101,"column":65}},"30":{"start":{"line":104,"column":25},"end":{"line":104,"column":58}},"31":{"start":{"line":106,"column":6},"end":{"line":112,"column":7}},"32":{"start":{"line":107,"column":8},"end":{"line":111,"column":10}},"33":{"start":{"line":114,"column":27},"end":{"line":116,"column":19}},"34":{"start":{"line":118,"column":19},"end":{"line":121,"column":8}},"35":{"start":{"line":123,"column":6},"end":{"line":127,"column":8}},"36":{"start":{"line":129,"column":6},"end":{"line":133,"column":8}},"37":{"start":{"line":138,"column":4},"end":{"line":156,"column":5}},"38":{"start":{"line":139,"column":25},"end":{"line":139,"column":68}},"39":{"start":{"line":140,"column":6},"end":{"line":142,"column":7}},"40":{"start":{"line":141,"column":8},"end":{"line":141,"column":84}},"41":{"start":{"line":144,"column":6},"end":{"line":144,"column":70}},"42":{"start":{"line":145,"column":6},"end":{"line":149,"column":8}},"43":{"start":{"line":151,"column":6},"end":{"line":155,"column":8}},"44":{"start":{"line":160,"column":4},"end":{"line":179,"column":5}},"45":{"start":{"line":161,"column":20},"end":{"line":161,"column":46}},"46":{"start":{"line":162,"column":25},"end":{"line":162,"column":61}},"47":{"start":{"line":163,"column":6},"end":{"line":169,"column":7}},"48":{"start":{"line":164,"column":8},"end":{"line":168,"column":10}},"49":{"start":{"line":171,"column":6},"end":{"line":171,"column":74}},"50":{"start":{"line":172,"column":6},"end":{"line":172,"column":81}},"51":{"start":{"line":174,"column":6},"end":{"line":178,"column":8}},"52":{"start":{"line":15,"column":0},"end":{"line":15,"column":13}}},"fnMap":{"0":{"name":"(anonymous_0)","decl":{"start":{"line":16,"column":2},"end":{"line":16,"column":7}},"loc":{"start":{"line":16,"column":46},"end":{"line":42,"column":3}}},"1":{"name":"(anonymous_1)","decl":{"start":{"line":44,"column":2},"end":{"line":44,"column":7}},"loc":{"start":{"line":44,"column":45},"end":{"line":70,"column":3}}},"2":{"name":"(anonymous_2)","decl":{"start":{"line":72,"column":2},"end":{"line":72,"column":7}},"loc":{"start":{"line":72,"column":51},"end":{"line":94,"column":3}}},"3":{"name":"(anonymous_3)","decl":{"start":{"line":96,"column":2},"end":{"line":96,"column":7}},"loc":{"start":{"line":96,"column":54},"end":{"line":135,"column":3}}},"4":{"name":"(anonymous_4)","decl":{"start":{"line":137,"column":2},"end":{"line":137,"column":7}},"loc":{"start":{"line":137,"column":56},"end":{"line":157,"column":3}}},"5":{"name":"(anonymous_5)","decl":{"start":{"line":159,"column":2},"end":{"line":159,"column":7}},"loc":{"start":{"line":159,"column":49},"end":{"line":180,"column":3}}}},"branchMap":{"0":{"loc":{"start":{"line":20,"column":6},"end":{"line":26,"column":7}},"type":"if","locations":[{"start":{"line":20,"column":6},"end":{"line":26,"column":7}},{"start":{},"end":{}}]},"1":{"loc":{"start":{"line":38,"column":8},"end":{"line":38,"column":48}},"type":"binary-expr","locations":[{"start":{"line":38,"column":8},"end":{"line":38,"column":21}},{"start":{"line":38,"column":25},"end":{"line":38,"column":48}}]},"2":{"loc":{"start":{"line":39,"column":8},"end":{"line":39,"column":27}},"type":"binary-expr","locations":[{"start":{"line":39,"column":8},"end":{"line":39,"column":20}},{"start":{"line":39,"column":24},"end":{"line":39,"column":27}}]},"3":{"loc":{"start":{"line":48,"column":6},"end":{"line":54,"column":7}},"type":"if","locations":[{"start":{"line":48,"column":6},"end":{"line":54,"column":7}},{"start":{},"end":{}}]},"4":{"loc":{"start":{"line":66,"column":8},"end":{"line":66,"column":48}},"type":"binary-expr","locations":[{"start":{"line":66,"column":8},"end":{"line":66,"column":21}},{"start":{"line":66,"column":25},"end":{"line":66,"column":48}}]},"5":{"loc":{"start":{"line":67,"column":8},"end":{"line":67,"column":27}},"type":"binary-expr","locations":[{"start":{"line":67,"column":8},"end":{"line":67,"column":20}},{"start":{"line":67,"column":24},"end":{"line":67,"column":27}}]},"6":{"loc":{"start":{"line":76,"column":6},"end":{"line":78,"column":7}},"type":"if","locations":[{"start":{"line":76,"column":6},"end":{"line":78,"column":7}},{"start":{},"end":{}}]},"7":{"loc":{"start":{"line":90,"column":8},"end":{"line":90,"column":48}},"type":"binary-expr","locations":[{"start":{"line":90,"column":8},"end":{"line":90,"column":21}},{"start":{"line":90,"column":25},"end":{"line":90,"column":48}}]},"8":{"loc":{"start":{"line":91,"column":8},"end":{"line":91,"column":27}},"type":"binary-expr","locations":[{"start":{"line":91,"column":8},"end":{"line":91,"column":20}},{"start":{"line":91,"column":24},"end":{"line":91,"column":27}}]},"9":{"loc":{"start":{"line":100,"column":6},"end":{"line":102,"column":7}},"type":"if","locations":[{"start":{"line":100,"column":6},"end":{"line":102,"column":7}},{"start":{},"end":{}}]},"10":{"loc":{"start":{"line":106,"column":6},"end":{"line":112,"column":7}},"type":"if","locations":[{"start":{"line":106,"column":6},"end":{"line":112,"column":7}},{"start":{},"end":{}}]},"11":{"loc":{"start":{"line":114,"column":27},"end":{"line":116,"column":19}},"type":"cond-expr","locations":[{"start":{"line":115,"column":10},"end":{"line":115,"column":49}},{"start":{"line":116,"column":10},"end":{"line":116,"column":19}}]},"12":{"loc":{"start":{"line":120,"column":12},"end":{"line":120,"column":48}},"type":"cond-expr","locations":[{"start":{"line":120,"column":27},"end":{"line":120,"column":43}},{"start":{"line":120,"column":46},"end":{"line":120,"column":48}}]},"13":{"loc":{"start":{"line":131,"column":8},"end":{"line":131,"column":48}},"type":"binary-expr","locations":[{"start":{"line":131,"column":8},"end":{"line":131,"column":21}},{"start":{"line":131,"column":25},"end":{"line":131,"column":48}}]},"14":{"loc":{"start":{"line":132,"column":8},"end":{"line":132,"column":27}},"type":"binary-expr","locations":[{"start":{"line":132,"column":8},"end":{"line":132,"column":20}},{"start":{"line":132,"column":24},"end":{"line":132,"column":27}}]},"15":{"loc":{"start":{"line":140,"column":6},"end":{"line":142,"column":7}},"type":"if","locations":[{"start":{"line":140,"column":6},"end":{"line":142,"column":7}},{"start":{},"end":{}}]},"16":{"loc":{"start":{"line":153,"column":8},"end":{"line":153,"column":59}},"type":"binary-expr","locations":[{"start":{"line":153,"column":8},"end":{"line":153,"column":21}},{"start":{"line":153,"column":25},"end":{"line":153,"column":59}}]},"17":{"loc":{"start":{"line":154,"column":8},"end":{"line":154,"column":27}},"type":"binary-expr","locations":[{"start":{"line":154,"column":8},"end":{"line":154,"column":20}},{"start":{"line":154,"column":24},"end":{"line":154,"column":27}}]},"18":{"loc":{"start":{"line":163,"column":6},"end":{"line":169,"column":7}},"type":"if","locations":[{"start":{"line":163,"column":6},"end":{"line":169,"column":7}},{"start":{},"end":{}}]},"19":{"loc":{"start":{"line":163,"column":10},"end":{"line":163,"column":39}},"type":"binary-expr","locations":[{"start":{"line":163,"column":10},"end":{"line":163,"column":16}},{"start":{"line":163,"column":20},"end":{"line":163,"column":39}}]},"20":{"loc":{"start":{"line":166,"column":10},"end":{"line":166,"column":92}},"type":"cond-expr","locations":[{"start":{"line":166,"column":31},"end":{"line":166,"column":56}},{"start":{"line":166,"column":59},"end":{"line":166,"column":92}}]},"21":{"loc":{"start":{"line":176,"column":8},"end":{"line":176,"column":51}},"type":"binary-expr","locations":[{"start":{"line":176,"column":8},"end":{"line":176,"column":21}},{"start":{"line":176,"column":25},"end":{"line":176,"column":51}}]},"22":{"loc":{"start":{"line":177,"column":8},"end":{"line":177,"column":27}},"type":"binary-expr","locations":[{"start":{"line":177,"column":8},"end":{"line":177,"column":20}},{"start":{"line":177,"column":24},"end":{"line":177,"column":27}}]}},"s":{"0":1,"1":1,"2":1,"3":1,"4":1,"5":6,"6":6,"7":6,"8":4,"9":2,"10":1,"11":1,"12":4,"13":4,"14":4,"15":1,"16":3,"17":1,"18":2,"19":1,"20":1,"21":1,"22":0,"23":1,"24":1,"25":0,"26":3,"27":3,"28":3,"29":0,"30":3,"31":3,"32":0,"33":3,"34":3,"35":1,"36":2,"37":3,"38":3,"39":3,"40":1,"41":2,"42":1,"43":1,"44":3,"45":3,"46":3,"47":3,"48":1,"49":2,"50":1,"51":1,"52":1},"f":{"0":6,"1":4,"2":1,"3":3,"4":3,"5":3},"b":{"0":[4,2],"1":[1,0],"2":[1,0],"3":[1,3],"4":[2,0],"5":[2,0],"6":[0,1],"7":[0,0],"8":[0,0],"9":[0,3],"10":[0,3],"11":[0,3],"12":[0,3],"13":[2,0],"14":[2,0],"15":[1,2],"16":[1,0],"17":[1,0],"18":[1,2],"19":[3,3],"20":[0,1],"21":[1,0],"22":[1,0]}}
,"C:\\Developerr\\API\\nepal_trekking_companion_web_project\\backend\\src\\controllers\\admin\\blog.controller.ts": {"path":"C:\\Developerr\\API\\nepal_trekking_companion_web_project\\backend\\src\\controllers\\admin\\blog.controller.ts","statementMap":{"0":{"start":{"line":2,"column":0},"end":{"line":2,"column":24}},"1":{"start":{"line":3,"column":0},"end":{"line":3,"column":67}},"2":{"start":{"line":4,"column":0},"end":{"line":4,"column":58}},"3":{"start":{"line":5,"column":0},"end":{"line":5,"column":64}},"4":{"start":{"line":7,"column":20},"end":{"line":7,"column":37}},"5":{"start":{"line":9,"column":25},"end":{"line":14,"column":2}},"6":{"start":{"line":18,"column":4},"end":{"line":38,"column":5}},"7":{"start":{"line":19,"column":20},"end":{"line":19,"column":57}},"8":{"start":{"line":20,"column":6},"end":{"line":22,"column":7}},"9":{"start":{"line":21,"column":8},"end":{"line":21,"column":79}},"10":{"start":{"line":24,"column":29},"end":{"line":28,"column":null}},"11":{"start":{"line":31,"column":6},"end":{"line":31,"column":97}},"12":{"start":{"line":33,"column":6},"end":{"line":37,"column":8}},"13":{"start":{"line":42,"column":4},"end":{"line":51,"column":5}},"14":{"start":{"line":43,"column":19},"end":{"line":43,"column":78}},"15":{"start":{"line":44,"column":6},"end":{"line":44,"column":79}},"16":{"start":{"line":46,"column":6},"end":{"line":50,"column":8}},"17":{"start":{"line":55,"column":4},"end":{"line":73,"column":5}},"18":{"start":{"line":56,"column":23},"end":{"line":60,"column":8}},"19":{"start":{"line":61,"column":6},"end":{"line":63,"column":7}},"20":{"start":{"line":62,"column":8},"end":{"line":62,"column":82}},"21":{"start":{"line":65,"column":19},"end":{"line":65,"column":62}},"22":{"start":{"line":66,"column":6},"end":{"line":66,"column":84}},"23":{"start":{"line":68,"column":6},"end":{"line":72,"column":8}},"24":{"start":{"line":77,"column":4},"end":{"line":97,"column":5}},"25":{"start":{"line":78,"column":23},"end":{"line":84,"column":8}},"26":{"start":{"line":85,"column":6},"end":{"line":87,"column":7}},"27":{"start":{"line":86,"column":8},"end":{"line":86,"column":82}},"28":{"start":{"line":89,"column":19},"end":{"line":89,"column":87}},"29":{"start":{"line":90,"column":6},"end":{"line":90,"column":79}},"30":{"start":{"line":92,"column":6},"end":{"line":96,"column":8}},"31":{"start":{"line":101,"column":4},"end":{"line":110,"column":5}},"32":{"start":{"line":102,"column":6},"end":{"line":102,"column":60}},"33":{"start":{"line":103,"column":6},"end":{"line":103,"column":79}},"34":{"start":{"line":105,"column":6},"end":{"line":109,"column":8}},"35":{"start":{"line":16,"column":0},"end":{"line":16,"column":13}},"36":{"start":{"line":115,"column":2},"end":{"line":117,"column":3}},"37":{"start":{"line":116,"column":4},"end":{"line":116,"column":17}},"38":{"start":{"line":119,"column":2},"end":{"line":121,"column":3}},"39":{"start":{"line":120,"column":4},"end":{"line":120,"column":14}},"40":{"start":{"line":123,"column":2},"end":{"line":130,"column":3}},"41":{"start":{"line":124,"column":4},"end":{"line":124,"column":29}},"42":{"start":{"line":126,"column":4},"end":{"line":129,"column":23}},"43":{"start":{"line":128,"column":21},"end":{"line":128,"column":32}}},"fnMap":{"0":{"name":"(anonymous_0)","decl":{"start":{"line":17,"column":2},"end":{"line":17,"column":7}},"loc":{"start":{"line":17,"column":47},"end":{"line":39,"column":3}}},"1":{"name":"(anonymous_1)","decl":{"start":{"line":41,"column":2},"end":{"line":41,"column":7}},"loc":{"start":{"line":41,"column":47},"end":{"line":52,"column":3}}},"2":{"name":"(anonymous_2)","decl":{"start":{"line":54,"column":2},"end":{"line":54,"column":7}},"loc":{"start":{"line":54,"column":46},"end":{"line":74,"column":3}}},"3":{"name":"(anonymous_3)","decl":{"start":{"line":76,"column":2},"end":{"line":76,"column":7}},"loc":{"start":{"line":76,"column":46},"end":{"line":98,"column":3}}},"4":{"name":"(anonymous_4)","decl":{"start":{"line":100,"column":2},"end":{"line":100,"column":7}},"loc":{"start":{"line":100,"column":46},"end":{"line":111,"column":3}}},"5":{"name":"parseRelatedTrails","decl":{"start":{"line":114,"column":9},"end":{"line":114,"column":27}},"loc":{"start":{"line":114,"column":42},"end":{"line":131,"column":1}}},"6":{"name":"(anonymous_6)","decl":{"start":{"line":128,"column":11},"end":{"line":128,"column":12}},"loc":{"start":{"line":128,"column":21},"end":{"line":128,"column":32}}}},"branchMap":{"0":{"loc":{"start":{"line":20,"column":6},"end":{"line":22,"column":7}},"type":"if","locations":[{"start":{"line":20,"column":6},"end":{"line":22,"column":7}},{"start":{},"end":{}}]},"1":{"loc":{"start":{"line":35,"column":8},"end":{"line":35,"column":48}},"type":"binary-expr","locations":[{"start":{"line":35,"column":8},"end":{"line":35,"column":21}},{"start":{"line":35,"column":25},"end":{"line":35,"column":48}}]},"2":{"loc":{"start":{"line":36,"column":8},"end":{"line":36,"column":27}},"type":"binary-expr","locations":[{"start":{"line":36,"column":8},"end":{"line":36,"column":20}},{"start":{"line":36,"column":24},"end":{"line":36,"column":27}}]},"3":{"loc":{"start":{"line":48,"column":8},"end":{"line":48,"column":47}},"type":"binary-expr","locations":[{"start":{"line":48,"column":8},"end":{"line":48,"column":21}},{"start":{"line":48,"column":25},"end":{"line":48,"column":47}}]},"4":{"loc":{"start":{"line":49,"column":8},"end":{"line":49,"column":27}},"type":"binary-expr","locations":[{"start":{"line":49,"column":8},"end":{"line":49,"column":20}},{"start":{"line":49,"column":24},"end":{"line":49,"column":27}}]},"5":{"loc":{"start":{"line":58,"column":20},"end":{"line":58,"column":90}},"type":"cond-expr","locations":[{"start":{"line":58,"column":31},"end":{"line":58,"column":68}},{"start":{"line":58,"column":71},"end":{"line":58,"column":90}}]},"6":{"loc":{"start":{"line":61,"column":6},"end":{"line":63,"column":7}},"type":"if","locations":[{"start":{"line":61,"column":6},"end":{"line":63,"column":7}},{"start":{},"end":{}}]},"7":{"loc":{"start":{"line":70,"column":8},"end":{"line":70,"column":48}},"type":"binary-expr","locations":[{"start":{"line":70,"column":8},"end":{"line":70,"column":21}},{"start":{"line":70,"column":25},"end":{"line":70,"column":48}}]},"8":{"loc":{"start":{"line":71,"column":8},"end":{"line":71,"column":27}},"type":"binary-expr","locations":[{"start":{"line":71,"column":8},"end":{"line":71,"column":20}},{"start":{"line":71,"column":24},"end":{"line":71,"column":27}}]},"9":{"loc":{"start":{"line":80,"column":12},"end":{"line":80,"column":81}},"type":"cond-expr","locations":[{"start":{"line":80,"column":23},"end":{"line":80,"column":76}},{"start":{"line":80,"column":79},"end":{"line":80,"column":81}}]},"10":{"loc":{"start":{"line":81,"column":12},"end":{"line":83,"column":14}},"type":"cond-expr","locations":[{"start":{"line":82,"column":12},"end":{"line":82,"column":81}},{"start":{"line":83,"column":12},"end":{"line":83,"column":14}}]},"11":{"loc":{"start":{"line":85,"column":6},"end":{"line":87,"column":7}},"type":"if","locations":[{"start":{"line":85,"column":6},"end":{"line":87,"column":7}},{"start":{},"end":{}}]},"12":{"loc":{"start":{"line":94,"column":8},"end":{"line":94,"column":48}},"type":"binary-expr","locations":[{"start":{"line":94,"column":8},"end":{"line":94,"column":21}},{"start":{"line":94,"column":25},"end":{"line":94,"column":48}}]},"13":{"loc":{"start":{"line":95,"column":8},"end":{"line":95,"column":27}},"type":"binary-expr","locations":[{"start":{"line":95,"column":8},"end":{"line":95,"column":20}},{"start":{"line":95,"column":24},"end":{"line":95,"column":27}}]},"14":{"loc":{"start":{"line":107,"column":8},"end":{"line":107,"column":48}},"type":"binary-expr","locations":[{"start":{"line":107,"column":8},"end":{"line":107,"column":21}},{"start":{"line":107,"column":25},"end":{"line":107,"column":48}}]},"15":{"loc":{"start":{"line":108,"column":8},"end":{"line":108,"column":27}},"type":"binary-expr","locations":[{"start":{"line":108,"column":8},"end":{"line":108,"column":20}},{"start":{"line":108,"column":24},"end":{"line":108,"column":27}}]},"16":{"loc":{"start":{"line":115,"column":2},"end":{"line":117,"column":3}},"type":"if","locations":[{"start":{"line":115,"column":2},"end":{"line":117,"column":3}},{"start":{},"end":{}}]},"17":{"loc":{"start":{"line":119,"column":2},"end":{"line":121,"column":3}},"type":"if","locations":[{"start":{"line":119,"column":2},"end":{"line":121,"column":3}},{"start":{},"end":{}}]},"18":{"loc":{"start":{"line":119,"column":6},"end":{"line":119,"column":48}},"type":"binary-expr","locations":[{"start":{"line":119,"column":6},"end":{"line":119,"column":31}},{"start":{"line":119,"column":35},"end":{"line":119,"column":48}}]}},"s":{"0":1,"1":1,"2":1,"3":1,"4":1,"5":1,"6":0,"7":0,"8":0,"9":0,"10":0,"11":0,"12":0,"13":0,"14":0,"15":0,"16":0,"17":0,"18":0,"19":0,"20":0,"21":0,"22":0,"23":0,"24":0,"25":0,"26":0,"27":0,"28":0,"29":0,"30":0,"31":0,"32":0,"33":0,"34":0,"35":1,"36":0,"37":0,"38":0,"39":0,"40":0,"41":0,"42":0,"43":0},"f":{"0":0,"1":0,"2":0,"3":0,"4":0,"5":0,"6":0},"b":{"0":[0,0],"1":[0,0],"2":[0,0],"3":[0,0],"4":[0,0],"5":[0,0],"6":[0,0],"7":[0,0],"8":[0,0],"9":[0,0],"10":[0,0],"11":[0,0],"12":[0,0],"13":[0,0],"14":[0,0],"15":[0,0],"16":[0,0],"17":[0,0],"18":[0,0]}}
,"C:\\Developerr\\API\\nepal_trekking_companion_web_project\\backend\\src\\controllers\\admin\\booking.controller.ts": {"path":"C:\\Developerr\\API\\nepal_trekking_companion_web_project\\backend\\src\\controllers\\admin\\booking.controller.ts","statementMap":{"0":{"start":{"line":2,"column":0},"end":{"line":2,"column":24}},"1":{"start":{"line":3,"column":0},"end":{"line":3,"column":58}},"2":{"start":{"line":4,"column":0},"end":{"line":4,"column":64}},"3":{"start":{"line":5,"column":0},"end":{"line":5,"column":64}},"4":{"start":{"line":7,"column":23},"end":{"line":7,"column":43}},"5":{"start":{"line":9,"column":25},"end":{"line":13,"column":2}},"6":{"start":{"line":17,"column":4},"end":{"line":42,"column":5}},"7":{"start":{"line":18,"column":20},"end":{"line":18,"column":57}},"8":{"start":{"line":19,"column":6},"end":{"line":21,"column":7}},"9":{"start":{"line":20,"column":8},"end":{"line":20,"column":79}},"10":{"start":{"line":23,"column":29},"end":{"line":26,"column":null}},"11":{"start":{"line":29,"column":6},"end":{"line":35,"column":8}},"12":{"start":{"line":37,"column":6},"end":{"line":41,"column":8}},"13":{"start":{"line":46,"column":4},"end":{"line":55,"column":5}},"14":{"start":{"line":47,"column":22},"end":{"line":47,"column":87}},"15":{"start":{"line":48,"column":6},"end":{"line":48,"column":85}},"16":{"start":{"line":50,"column":6},"end":{"line":54,"column":8}},"17":{"start":{"line":59,"column":4},"end":{"line":76,"column":5}},"18":{"start":{"line":60,"column":26},"end":{"line":60,"column":62}},"19":{"start":{"line":61,"column":6},"end":{"line":63,"column":7}},"20":{"start":{"line":62,"column":8},"end":{"line":62,"column":85}},"21":{"start":{"line":65,"column":22},"end":{"line":67,"column":null}},"22":{"start":{"line":69,"column":6},"end":{"line":69,"column":85}},"23":{"start":{"line":71,"column":6},"end":{"line":75,"column":8}},"24":{"start":{"line":80,"column":4},"end":{"line":89,"column":5}},"25":{"start":{"line":81,"column":6},"end":{"line":81,"column":71}},"26":{"start":{"line":82,"column":6},"end":{"line":82,"column":82}},"27":{"start":{"line":84,"column":6},"end":{"line":88,"column":8}},"28":{"start":{"line":15,"column":0},"end":{"line":15,"column":13}}},"fnMap":{"0":{"name":"(anonymous_0)","decl":{"start":{"line":16,"column":2},"end":{"line":16,"column":7}},"loc":{"start":{"line":16,"column":50},"end":{"line":43,"column":3}}},"1":{"name":"(anonymous_1)","decl":{"start":{"line":45,"column":2},"end":{"line":45,"column":7}},"loc":{"start":{"line":45,"column":50},"end":{"line":56,"column":3}}},"2":{"name":"(anonymous_2)","decl":{"start":{"line":58,"column":2},"end":{"line":58,"column":7}},"loc":{"start":{"line":58,"column":49},"end":{"line":77,"column":3}}},"3":{"name":"(anonymous_3)","decl":{"start":{"line":79,"column":2},"end":{"line":79,"column":7}},"loc":{"start":{"line":79,"column":49},"end":{"line":90,"column":3}}}},"branchMap":{"0":{"loc":{"start":{"line":19,"column":6},"end":{"line":21,"column":7}},"type":"if","locations":[{"start":{"line":19,"column":6},"end":{"line":21,"column":7}},{"start":{},"end":{}}]},"1":{"loc":{"start":{"line":39,"column":8},"end":{"line":39,"column":51}},"type":"binary-expr","locations":[{"start":{"line":39,"column":8},"end":{"line":39,"column":21}},{"start":{"line":39,"column":25},"end":{"line":39,"column":51}}]},"2":{"loc":{"start":{"line":40,"column":8},"end":{"line":40,"column":27}},"type":"binary-expr","locations":[{"start":{"line":40,"column":8},"end":{"line":40,"column":20}},{"start":{"line":40,"column":24},"end":{"line":40,"column":27}}]},"3":{"loc":{"start":{"line":52,"column":8},"end":{"line":52,"column":50}},"type":"binary-expr","locations":[{"start":{"line":52,"column":8},"end":{"line":52,"column":21}},{"start":{"line":52,"column":25},"end":{"line":52,"column":50}}]},"4":{"loc":{"start":{"line":53,"column":8},"end":{"line":53,"column":27}},"type":"binary-expr","locations":[{"start":{"line":53,"column":8},"end":{"line":53,"column":20}},{"start":{"line":53,"column":24},"end":{"line":53,"column":27}}]},"5":{"loc":{"start":{"line":61,"column":6},"end":{"line":63,"column":7}},"type":"if","locations":[{"start":{"line":61,"column":6},"end":{"line":63,"column":7}},{"start":{},"end":{}}]},"6":{"loc":{"start":{"line":73,"column":8},"end":{"line":73,"column":51}},"type":"binary-expr","locations":[{"start":{"line":73,"column":8},"end":{"line":73,"column":21}},{"start":{"line":73,"column":25},"end":{"line":73,"column":51}}]},"7":{"loc":{"start":{"line":74,"column":8},"end":{"line":74,"column":27}},"type":"binary-expr","locations":[{"start":{"line":74,"column":8},"end":{"line":74,"column":20}},{"start":{"line":74,"column":24},"end":{"line":74,"column":27}}]},"8":{"loc":{"start":{"line":86,"column":8},"end":{"line":86,"column":51}},"type":"binary-expr","locations":[{"start":{"line":86,"column":8},"end":{"line":86,"column":21}},{"start":{"line":86,"column":25},"end":{"line":86,"column":51}}]},"9":{"loc":{"start":{"line":87,"column":8},"end":{"line":87,"column":27}},"type":"binary-expr","locations":[{"start":{"line":87,"column":8},"end":{"line":87,"column":20}},{"start":{"line":87,"column":24},"end":{"line":87,"column":27}}]}},"s":{"0":1,"1":1,"2":1,"3":1,"4":1,"5":1,"6":0,"7":0,"8":0,"9":0,"10":0,"11":0,"12":0,"13":0,"14":0,"15":0,"16":0,"17":2,"18":2,"19":2,"20":0,"21":2,"22":2,"23":0,"24":0,"25":0,"26":0,"27":0,"28":1},"f":{"0":0,"1":0,"2":2,"3":0},"b":{"0":[0,0],"1":[0,0],"2":[0,0],"3":[0,0],"4":[0,0],"5":[0,2],"6":[0,0],"7":[0,0],"8":[0,0],"9":[0,0]}}
,"C:\\Developerr\\API\\nepal_trekking_companion_web_project\\backend\\src\\controllers\\admin\\review.controller.ts": {"path":"C:\\Developerr\\API\\nepal_trekking_companion_web_project\\backend\\src\\controllers\\admin\\review.controller.ts","statementMap":{"0":{"start":{"line":2,"column":0},"end":{"line":2,"column":24}},"1":{"start":{"line":3,"column":0},"end":{"line":3,"column":61}},"2":{"start":{"line":4,"column":0},"end":{"line":4,"column":62}},"3":{"start":{"line":5,"column":0},"end":{"line":5,"column":64}},"4":{"start":{"line":7,"column":22},"end":{"line":7,"column":41}},"5":{"start":{"line":9,"column":25},"end":{"line":13,"column":2}},"6":{"start":{"line":17,"column":4},"end":{"line":42,"column":5}},"7":{"start":{"line":18,"column":20},"end":{"line":18,"column":57}},"8":{"start":{"line":19,"column":6},"end":{"line":21,"column":7}},"9":{"start":{"line":20,"column":8},"end":{"line":20,"column":79}},"10":{"start":{"line":23,"column":29},"end":{"line":26,"column":null}},"11":{"start":{"line":29,"column":6},"end":{"line":35,"column":8}},"12":{"start":{"line":37,"column":6},"end":{"line":41,"column":8}},"13":{"start":{"line":46,"column":4},"end":{"line":63,"column":5}},"14":{"start":{"line":47,"column":25},"end":{"line":47,"column":65}},"15":{"start":{"line":48,"column":6},"end":{"line":50,"column":7}},"16":{"start":{"line":49,"column":8},"end":{"line":49,"column":84}},"17":{"start":{"line":52,"column":21},"end":{"line":54,"column":null}},"18":{"start":{"line":56,"column":6},"end":{"line":56,"column":83}},"19":{"start":{"line":58,"column":6},"end":{"line":62,"column":8}},"20":{"start":{"line":67,"column":4},"end":{"line":76,"column":5}},"21":{"start":{"line":68,"column":6},"end":{"line":68,"column":69}},"22":{"start":{"line":69,"column":6},"end":{"line":69,"column":81}},"23":{"start":{"line":71,"column":6},"end":{"line":75,"column":8}},"24":{"start":{"line":15,"column":0},"end":{"line":15,"column":13}}},"fnMap":{"0":{"name":"(anonymous_0)","decl":{"start":{"line":16,"column":2},"end":{"line":16,"column":7}},"loc":{"start":{"line":16,"column":49},"end":{"line":43,"column":3}}},"1":{"name":"(anonymous_1)","decl":{"start":{"line":45,"column":2},"end":{"line":45,"column":7}},"loc":{"start":{"line":45,"column":48},"end":{"line":64,"column":3}}},"2":{"name":"(anonymous_2)","decl":{"start":{"line":66,"column":2},"end":{"line":66,"column":7}},"loc":{"start":{"line":66,"column":48},"end":{"line":77,"column":3}}}},"branchMap":{"0":{"loc":{"start":{"line":19,"column":6},"end":{"line":21,"column":7}},"type":"if","locations":[{"start":{"line":19,"column":6},"end":{"line":21,"column":7}},{"start":{},"end":{}}]},"1":{"loc":{"start":{"line":39,"column":8},"end":{"line":39,"column":50}},"type":"binary-expr","locations":[{"start":{"line":39,"column":8},"end":{"line":39,"column":21}},{"start":{"line":39,"column":25},"end":{"line":39,"column":50}}]},"2":{"loc":{"start":{"line":40,"column":8},"end":{"line":40,"column":27}},"type":"binary-expr","locations":[{"start":{"line":40,"column":8},"end":{"line":40,"column":20}},{"start":{"line":40,"column":24},"end":{"line":40,"column":27}}]},"3":{"loc":{"start":{"line":48,"column":6},"end":{"line":50,"column":7}},"type":"if","locations":[{"start":{"line":48,"column":6},"end":{"line":50,"column":7}},{"start":{},"end":{}}]},"4":{"loc":{"start":{"line":60,"column":8},"end":{"line":60,"column":50}},"type":"binary-expr","locations":[{"start":{"line":60,"column":8},"end":{"line":60,"column":21}},{"start":{"line":60,"column":25},"end":{"line":60,"column":50}}]},"5":{"loc":{"start":{"line":61,"column":8},"end":{"line":61,"column":27}},"type":"binary-expr","locations":[{"start":{"line":61,"column":8},"end":{"line":61,"column":20}},{"start":{"line":61,"column":24},"end":{"line":61,"column":27}}]},"6":{"loc":{"start":{"line":73,"column":8},"end":{"line":73,"column":50}},"type":"binary-expr","locations":[{"start":{"line":73,"column":8},"end":{"line":73,"column":21}},{"start":{"line":73,"column":25},"end":{"line":73,"column":50}}]},"7":{"loc":{"start":{"line":74,"column":8},"end":{"line":74,"column":27}},"type":"binary-expr","locations":[{"start":{"line":74,"column":8},"end":{"line":74,"column":20}},{"start":{"line":74,"column":24},"end":{"line":74,"column":27}}]}},"s":{"0":1,"1":1,"2":1,"3":1,"4":1,"5":1,"6":0,"7":0,"8":0,"9":0,"10":0,"11":0,"12":0,"13":0,"14":0,"15":0,"16":0,"17":0,"18":0,"19":0,"20":0,"21":0,"22":0,"23":0,"24":1},"f":{"0":0,"1":0,"2":0},"b":{"0":[0,0],"1":[0,0],"2":[0,0],"3":[0,0],"4":[0,0],"5":[0,0],"6":[0,0],"7":[0,0]}}
,"C:\\Developerr\\API\\nepal_trekking_companion_web_project\\backend\\src\\controllers\\admin\\stay.controller.ts": {"path":"C:\\Developerr\\API\\nepal_trekking_companion_web_project\\backend\\src\\controllers\\admin\\stay.controller.ts","statementMap":{"0":{"start":{"line":2,"column":0},"end":{"line":2,"column":24}},"1":{"start":{"line":3,"column":0},"end":{"line":3,"column":67}},"2":{"start":{"line":4,"column":0},"end":{"line":4,"column":58}},"3":{"start":{"line":5,"column":0},"end":{"line":5,"column":64}},"4":{"start":{"line":7,"column":20},"end":{"line":7,"column":37}},"5":{"start":{"line":9,"column":25},"end":{"line":13,"column":2}},"6":{"start":{"line":17,"column":4},"end":{"line":24,"column":5}},"7":{"start":{"line":18,"column":20},"end":{"line":18,"column":57}},"8":{"start":{"line":19,"column":6},"end":{"line":19,"column":97}},"9":{"start":{"line":19,"column":26},"end":{"line":19,"column":97}},"10":{"start":{"line":20,"column":29},"end":{"line":20,"column":114}},"11":{"start":{"line":21,"column":6},"end":{"line":21,"column":97}},"12":{"start":{"line":23,"column":6},"end":{"line":23,"column":105}},"13":{"start":{"line":28,"column":4},"end":{"line":33,"column":5}},"14":{"start":{"line":29,"column":19},"end":{"line":29,"column":78}},"15":{"start":{"line":30,"column":6},"end":{"line":30,"column":79}},"16":{"start":{"line":32,"column":6},"end":{"line":32,"column":104}},"17":{"start":{"line":37,"column":4},"end":{"line":56,"column":5}},"18":{"start":{"line":38,"column":20},"end":{"line":38,"column":null}},"19":{"start":{"line":41,"column":23},"end":{"line":50,"column":8}},"20":{"start":{"line":47,"column":46},"end":{"line":47,"column":79}},"21":{"start":{"line":51,"column":6},"end":{"line":51,"column":103}},"22":{"start":{"line":51,"column":29},"end":{"line":51,"column":103}},"23":{"start":{"line":52,"column":19},"end":{"line":52,"column":62}},"24":{"start":{"line":53,"column":6},"end":{"line":53,"column":84}},"25":{"start":{"line":55,"column":6},"end":{"line":55,"column":105}},"26":{"start":{"line":60,"column":4},"end":{"line":83,"column":5}},"27":{"start":{"line":61,"column":20},"end":{"line":61,"column":null}},"28":{"start":{"line":64,"column":23},"end":{"line":77,"column":8}},"29":{"start":{"line":70,"column":26},"end":{"line":70,"column":59}},"30":{"start":{"line":78,"column":6},"end":{"line":78,"column":103}},"31":{"start":{"line":78,"column":29},"end":{"line":78,"column":103}},"32":{"start":{"line":79,"column":19},"end":{"line":79,"column":87}},"33":{"start":{"line":80,"column":6},"end":{"line":80,"column":79}},"34":{"start":{"line":82,"column":6},"end":{"line":82,"column":105}},"35":{"start":{"line":87,"column":4},"end":{"line":92,"column":5}},"36":{"start":{"line":88,"column":6},"end":{"line":88,"column":60}},"37":{"start":{"line":89,"column":6},"end":{"line":89,"column":79}},"38":{"start":{"line":91,"column":6},"end":{"line":91,"column":105}},"39":{"start":{"line":15,"column":0},"end":{"line":15,"column":13}},"40":{"start":{"line":97,"column":2},"end":{"line":97,"column":41}},"41":{"start":{"line":97,"column":28},"end":{"line":97,"column":41}},"42":{"start":{"line":98,"column":2},"end":{"line":98,"column":60}},"43":{"start":{"line":98,"column":50},"end":{"line":98,"column":60}},"44":{"start":{"line":99,"column":2},"end":{"line":103,"column":3}},"45":{"start":{"line":100,"column":4},"end":{"line":100,"column":29}},"46":{"start":{"line":102,"column":4},"end":{"line":102,"column":71}},"47":{"start":{"line":102,"column":42},"end":{"line":102,"column":53}},"48":{"start":{"line":107,"column":2},"end":{"line":107,"column":41}},"49":{"start":{"line":107,"column":28},"end":{"line":107,"column":41}},"50":{"start":{"line":108,"column":2},"end":{"line":108,"column":60}},"51":{"start":{"line":108,"column":50},"end":{"line":108,"column":60}},"52":{"start":{"line":109,"column":2},"end":{"line":113,"column":3}},"53":{"start":{"line":110,"column":4},"end":{"line":110,"column":29}},"54":{"start":{"line":112,"column":4},"end":{"line":112,"column":14}}},"fnMap":{"0":{"name":"(anonymous_0)","decl":{"start":{"line":16,"column":2},"end":{"line":16,"column":7}},"loc":{"start":{"line":16,"column":47},"end":{"line":25,"column":3}}},"1":{"name":"(anonymous_1)","decl":{"start":{"line":27,"column":2},"end":{"line":27,"column":7}},"loc":{"start":{"line":27,"column":47},"end":{"line":34,"column":3}}},"2":{"name":"(anonymous_2)","decl":{"start":{"line":36,"column":2},"end":{"line":36,"column":7}},"loc":{"start":{"line":36,"column":46},"end":{"line":57,"column":3}}},"3":{"name":"(anonymous_3)","decl":{"start":{"line":47,"column":36},"end":{"line":47,"column":37}},"loc":{"start":{"line":47,"column":46},"end":{"line":47,"column":79}}},"4":{"name":"(anonymous_4)","decl":{"start":{"line":59,"column":2},"end":{"line":59,"column":7}},"loc":{"start":{"line":59,"column":46},"end":{"line":84,"column":3}}},"5":{"name":"(anonymous_5)","decl":{"start":{"line":70,"column":16},"end":{"line":70,"column":17}},"loc":{"start":{"line":70,"column":26},"end":{"line":70,"column":59}}},"6":{"name":"(anonymous_6)","decl":{"start":{"line":86,"column":2},"end":{"line":86,"column":7}},"loc":{"start":{"line":86,"column":46},"end":{"line":93,"column":3}}},"7":{"name":"parseAmenities","decl":{"start":{"line":96,"column":9},"end":{"line":96,"column":23}},"loc":{"start":{"line":96,"column":38},"end":{"line":104,"column":1}}},"8":{"name":"(anonymous_8)","decl":{"start":{"line":102,"column":32},"end":{"line":102,"column":33}},"loc":{"start":{"line":102,"column":42},"end":{"line":102,"column":53}}},"9":{"name":"parseGalleryImages","decl":{"start":{"line":106,"column":9},"end":{"line":106,"column":27}},"loc":{"start":{"line":106,"column":42},"end":{"line":114,"column":1}}}},"branchMap":{"0":{"loc":{"start":{"line":19,"column":6},"end":{"line":19,"column":97}},"type":"if","locations":[{"start":{"line":19,"column":6},"end":{"line":19,"column":97}},{"start":{},"end":{}}]},"1":{"loc":{"start":{"line":23,"column":42},"end":{"line":23,"column":82}},"type":"binary-expr","locations":[{"start":{"line":23,"column":42},"end":{"line":23,"column":55}},{"start":{"line":23,"column":59},"end":{"line":23,"column":82}}]},"2":{"loc":{"start":{"line":23,"column":84},"end":{"line":23,"column":103}},"type":"binary-expr","locations":[{"start":{"line":23,"column":84},"end":{"line":23,"column":96}},{"start":{"line":23,"column":100},"end":{"line":23,"column":103}}]},"3":{"loc":{"start":{"line":32,"column":42},"end":{"line":32,"column":81}},"type":"binary-expr","locations":[{"start":{"line":32,"column":42},"end":{"line":32,"column":55}},{"start":{"line":32,"column":59},"end":{"line":32,"column":81}}]},"4":{"loc":{"start":{"line":32,"column":83},"end":{"line":32,"column":102}},"type":"binary-expr","locations":[{"start":{"line":32,"column":83},"end":{"line":32,"column":95}},{"start":{"line":32,"column":99},"end":{"line":32,"column":102}}]},"5":{"loc":{"start":{"line":43,"column":15},"end":{"line":45,"column":26}},"type":"cond-expr","locations":[{"start":{"line":44,"column":12},"end":{"line":44,"column":55}},{"start":{"line":45,"column":12},"end":{"line":45,"column":26}}]},"6":{"loc":{"start":{"line":46,"column":23},"end":{"line":48,"column":54}},"type":"cond-expr","locations":[{"start":{"line":47,"column":12},"end":{"line":47,"column":80}},{"start":{"line":48,"column":12},"end":{"line":48,"column":54}}]},"7":{"loc":{"start":{"line":51,"column":6},"end":{"line":51,"column":103}},"type":"if","locations":[{"start":{"line":51,"column":6},"end":{"line":51,"column":103}},{"start":{},"end":{}}]},"8":{"loc":{"start":{"line":55,"column":42},"end":{"line":55,"column":82}},"type":"binary-expr","locations":[{"start":{"line":55,"column":42},"end":{"line":55,"column":55}},{"start":{"line":55,"column":59},"end":{"line":55,"column":82}}]},"9":{"loc":{"start":{"line":55,"column":84},"end":{"line":55,"column":103}},"type":"binary-expr","locations":[{"start":{"line":55,"column":84},"end":{"line":55,"column":96}},{"start":{"line":55,"column":100},"end":{"line":55,"column":103}}]},"10":{"loc":{"start":{"line":66,"column":12},"end":{"line":66,"column":91}},"type":"cond-expr","locations":[{"start":{"line":66,"column":32},"end":{"line":66,"column":86}},{"start":{"line":66,"column":89},"end":{"line":66,"column":91}}]},"11":{"loc":{"start":{"line":67,"column":12},"end":{"line":75,"column":16}},"type":"cond-expr","locations":[{"start":{"line":68,"column":12},"end":{"line":72,"column":null}},{"start":{"line":73,"column":12},"end":{"line":75,"column":16}}]},"12":{"loc":{"start":{"line":73,"column":12},"end":{"line":75,"column":16}},"type":"cond-expr","locations":[{"start":{"line":74,"column":14},"end":{"line":74,"column":75}},{"start":{"line":75,"column":14},"end":{"line":75,"column":16}}]},"13":{"loc":{"start":{"line":76,"column":12},"end":{"line":76,"column":101}},"type":"cond-expr","locations":[{"start":{"line":76,"column":47},"end":{"line":76,"column":96}},{"start":{"line":76,"column":99},"end":{"line":76,"column":101}}]},"14":{"loc":{"start":{"line":78,"column":6},"end":{"line":78,"column":103}},"type":"if","locations":[{"start":{"line":78,"column":6},"end":{"line":78,"column":103}},{"start":{},"end":{}}]},"15":{"loc":{"start":{"line":82,"column":42},"end":{"line":82,"column":82}},"type":"binary-expr","locations":[{"start":{"line":82,"column":42},"end":{"line":82,"column":55}},{"start":{"line":82,"column":59},"end":{"line":82,"column":82}}]},"16":{"loc":{"start":{"line":82,"column":84},"end":{"line":82,"column":103}},"type":"binary-expr","locations":[{"start":{"line":82,"column":84},"end":{"line":82,"column":96}},{"start":{"line":82,"column":100},"end":{"line":82,"column":103}}]},"17":{"loc":{"start":{"line":91,"column":42},"end":{"line":91,"column":82}},"type":"binary-expr","locations":[{"start":{"line":91,"column":42},"end":{"line":91,"column":55}},{"start":{"line":91,"column":59},"end":{"line":91,"column":82}}]},"18":{"loc":{"start":{"line":91,"column":84},"end":{"line":91,"column":103}},"type":"binary-expr","locations":[{"start":{"line":91,"column":84},"end":{"line":91,"column":96}},{"start":{"line":91,"column":100},"end":{"line":91,"column":103}}]},"19":{"loc":{"start":{"line":97,"column":2},"end":{"line":97,"column":41}},"type":"if","locations":[{"start":{"line":97,"column":2},"end":{"line":97,"column":41}},{"start":{},"end":{}}]},"20":{"loc":{"start":{"line":98,"column":2},"end":{"line":98,"column":60}},"type":"if","locations":[{"start":{"line":98,"column":2},"end":{"line":98,"column":60}},{"start":{},"end":{}}]},"21":{"loc":{"start":{"line":98,"column":6},"end":{"line":98,"column":48}},"type":"binary-expr","locations":[{"start":{"line":98,"column":6},"end":{"line":98,"column":31}},{"start":{"line":98,"column":35},"end":{"line":98,"column":48}}]},"22":{"loc":{"start":{"line":107,"column":2},"end":{"line":107,"column":41}},"type":"if","locations":[{"start":{"line":107,"column":2},"end":{"line":107,"column":41}},{"start":{},"end":{}}]},"23":{"loc":{"start":{"line":108,"column":2},"end":{"line":108,"column":60}},"type":"if","locations":[{"start":{"line":108,"column":2},"end":{"line":108,"column":60}},{"start":{},"end":{}}]},"24":{"loc":{"start":{"line":108,"column":6},"end":{"line":108,"column":48}},"type":"binary-expr","locations":[{"start":{"line":108,"column":6},"end":{"line":108,"column":31}},{"start":{"line":108,"column":35},"end":{"line":108,"column":48}}]}},"s":{"0":1,"1":1,"2":1,"3":1,"4":1,"5":1,"6":1,"7":1,"8":1,"9":0,"10":1,"11":1,"12":0,"13":0,"14":0,"15":0,"16":0,"17":2,"18":2,"19":2,"20":0,"21":2,"22":1,"23":1,"24":1,"25":0,"26":1,"27":1,"28":1,"29":0,"30":1,"31":0,"32":1,"33":1,"34":0,"35":1,"36":1,"37":1,"38":0,"39":1,"40":2,"41":2,"42":0,"43":0,"44":0,"45":0,"46":0,"47":0,"48":2,"49":2,"50":0,"51":0,"52":0,"53":0,"54":0},"f":{"0":1,"1":0,"2":2,"3":0,"4":1,"5":0,"6":1,"7":2,"8":0,"9":2},"b":{"0":[0,1],"1":[0,0],"2":[0,0],"3":[0,0],"4":[0,0],"5":[0,2],"6":[0,2],"7":[1,1],"8":[0,0],"9":[0,0],"10":[0,1],"11":[0,1],"12":[0,1],"13":[0,1],"14":[0,1],"15":[0,0],"16":[0,0],"17":[0,0],"18":[0,0],"19":[2,0],"20":[0,0],"21":[0,0],"22":[2,0],"23":[0,0],"24":[0,0]}}
[...]
"column":5}},"25":{"start":{"line":95,"column":6},"end":{"line":95,"column":53}},"26":{"start":{"line":98,"column":4},"end":{"line":98,"column":33}},"27":{"start":{"line":102,"column":17},"end":{"line":102,"column":59}},"28":{"start":{"line":104,"column":4},"end":{"line":106,"column":5}},"29":{"start":{"line":105,"column":6},"end":{"line":105,"column":53}},"30":{"start":{"line":108,"column":18},"end":{"line":111,"column":null}},"31":{"start":{"line":113,"column":22},"end":{"line":113,"column":87}},"32":{"start":{"line":114,"column":17},"end":{"line":120,"column":14}},"33":{"start":{"line":122,"column":4},"end":{"line":122,"column":66}},"34":{"start":{"line":126,"column":4},"end":{"line":152,"column":5}},"35":{"start":{"line":127,"column":22},"end":{"line":127,"column":null}},"36":{"start":{"line":132,"column":6},"end":{"line":134,"column":7}},"37":{"start":{"line":133,"column":8},"end":{"line":133,"column":47}},"38":{"start":{"line":136,"column":19},"end":{"line":136,"column":63}},"39":{"start":{"line":137,"column":6},"end":{"line":139,"column":7}},"40":{"start":{"line":138,"column":8},"end":{"line":138,"column":55}},"41":{"start":{"line":141,"column":23},"end":{"line":141,"column":59}},"42":{"start":{"line":142,"column":26},"end":{"line":142,"column":79}},"43":{"start":{"line":144,"column":6},"end":{"line":146,"column":7}},"44":{"start":{"line":145,"column":8},"end":{"line":145,"column":55}},"45":{"start":{"line":148,"column":6},"end":{"line":150,"column":7}},"46":{"start":{"line":149,"column":8},"end":{"line":149,"column":20}},"47":{"start":{"line":151,"column":6},"end":{"line":151,"column":69}},"48":{"start":{"line":159,"column":17},"end":{"line":159,"column":57}},"49":{"start":{"line":161,"column":4},"end":{"line":163,"column":5}},"50":{"start":{"line":162,"column":6},"end":{"line":162,"column":53}},"51":{"start":{"line":165,"column":4},"end":{"line":171,"column":5}},"52":{"start":{"line":166,"column":28},"end":{"line":166,"column":79}},"53":{"start":{"line":168,"column":6},"end":{"line":170,"column":7}},"54":{"start":{"line":169,"column":8},"end":{"line":169,"column":61}},"55":{"start":{"line":174,"column":6},"end":{"line":176,"column":30}},"56":{"start":{"line":178,"column":4},"end":{"line":199,"column":5}},"57":{"start":{"line":179,"column":6},"end":{"line":185,"column":7}},"58":{"start":{"line":184,"column":8},"end":{"line":184,"column":73}},"59":{"start":{"line":187,"column":6},"end":{"line":189,"column":7}},"60":{"start":{"line":188,"column":8},"end":{"line":188,"column":87}},"61":{"start":{"line":191,"column":30},"end":{"line":193,"column":null}},"62":{"start":{"line":196,"column":6},"end":{"line":198,"column":7}},"63":{"start":{"line":197,"column":8},"end":{"line":197,"column":70}},"64":{"start":{"line":202,"column":6},"end":{"line":202,"column":14}},"65":{"start":{"line":203,"column":39},"end":{"line":203,"column":57}},"66":{"start":{"line":205,"column":4},"end":{"line":207,"column":5}},"67":{"start":{"line":206,"column":6},"end":{"line":206,"column":65}},"68":{"start":{"line":209,"column":24},"end":{"line":209,"column":71}},"69":{"start":{"line":211,"column":4},"end":{"line":213,"column":5}},"70":{"start":{"line":212,"column":6},"end":{"line":212,"column":53}},"71":{"start":{"line":215,"column":4},"end":{"line":215,"column":40}},"72":{"start":{"line":219,"column":17},"end":{"line":219,"column":57}},"73":{"start":{"line":221,"column":4},"end":{"line":223,"column":5}},"74":{"start":{"line":222,"column":6},"end":{"line":222,"column":53}},"75":{"start":{"line":225,"column":4},"end":{"line":225,"column":38}},"76":{"start":{"line":229,"column":28},"end":{"line":232,"column":null}},"77":{"start":{"line":235,"column":4},"end":{"line":243,"column":6}},"78":{"start":{"line":236,"column":31},"end":{"line":236,"column":57}},"79":{"start":{"line":247,"column":26},"end":{"line":247,"column":77}},"80":{"start":{"line":249,"column":4},"end":{"line":251,"column":5}},"81":{"start":{"line":250,"column":6},"end":{"line":250,"column":59}},"82":{"start":{"line":253,"column":21},"end":{"line":253,"column":63}},"83":{"start":{"line":254,"column":17},"end":{"line":254,"column":75}},"84":{"start":{"line":256,"column":4},"end":{"line":256,"column":38}},"85":{"start":{"line":260,"column":17},"end":{"line":260,"column":57}},"86":{"start":{"line":262,"column":4},"end":{"line":264,"column":5}},"87":{"start":{"line":263,"column":6},"end":{"line":263,"column":53}},"88":{"start":{"line":266,"column":4},"end":{"line":271,"column":5}},"89":{"start":{"line":267,"column":28},"end":{"line":267,"column":79}},"90":{"start":{"line":268,"column":6},"end":{"line":270,"column":7}},"91":{"start":{"line":269,"column":8},"end":{"line":269,"column":61}},"92":{"start":{"line":273,"column":39},"end":{"line":273,"column":54}},"93":{"start":{"line":274,"column":4},"end":{"line":276,"column":5}},"94":{"start":{"line":275,"column":6},"end":{"line":275,"column":71}},"95":{"start":{"line":278,"column":24},"end":{"line":278,"column":71}},"96":{"start":{"line":279,"column":4},"end":{"line":281,"column":5}},"97":{"start":{"line":280,"column":6},"end":{"line":280,"column":53}},"98":{"start":{"line":283,"column":4},"end":{"line":283,"column":45}},"99":{"start":{"line":287,"column":20},"end":{"line":287,"column":55}},"100":{"start":{"line":288,"column":4},"end":{"line":290,"column":5}},"101":{"start":{"line":289,"column":6},"end":{"line":289,"column":53}},"102":{"start":{"line":18,"column":0},"end":{"line":18,"column":13}}},"fnMap":{"0":{"name":"(anonymous_1)","decl":{"start":{"line":19,"column":10},"end":{"line":19,"column":20}},"loc":{"start":{"line":19,"column":32},"end":{"line":28,"column":3}}},"1":{"name":"(anonymous_2)","decl":{"start":{"line":30,"column":10},"end":{"line":30,"column":25}},"loc":{"start":{"line":30,"column":37},"end":{"line":36,"column":3}}},"2":{"name":"(anonymous_3)","decl":{"start":{"line":38,"column":2},"end":{"line":38,"column":7}},"loc":{"start":{"line":38,"column":42},"end":{"line":55,"column":3}}},"3":{"name":"(anonymous_4)","decl":{"start":{"line":57,"column":2},"end":{"line":57,"column":7}},"loc":{"start":{"line":57,"column":41},"end":{"line":89,"column":3}}},"4":{"name":"(anonymous_5)","decl":{"start":{"line":91,"column":2},"end":{"line":91,"column":7}},"loc":{"start":{"line":91,"column":37},"end":{"line":99,"column":3}}},"5":{"name":"(anonymous_6)","decl":{"start":{"line":101,"column":2},"end":{"line":101,"column":7}},"loc":{"start":{"line":101,"column":44},"end":{"line":123,"column":3}}},"6":{"name":"(anonymous_7)","decl":{"start":{"line":125,"column":2},"end":{"line":125,"column":7}},"loc":{"start":{"line":125,"column":56},"end":{"line":153,"column":3}}},"7":{"name":"(anonymous_8)","decl":{"start":{"line":155,"column":2},"end":{"line":155,"column":7}},"loc":{"start":{"line":157,"column":55},"end":{"line":216,"column":3}}},"8":{"name":"(anonymous_9)","decl":{"start":{"line":218,"column":2},"end":{"line":218,"column":7}},"loc":{"start":{"line":218,"column":39},"end":{"line":226,"column":3}}},"9":{"name":"(anonymous_10)","decl":{"start":{"line":228,"column":2},"end":{"line":228,"column":7}},"loc":{"start":{"line":228,"column":69},"end":{"line":244,"column":3}}},"10":{"name":"(anonymous_11)","decl":{"start":{"line":236,"column":21},"end":{"line":236,"column":22}},"loc":{"start":{"line":236,"column":31},"end":{"line":236,"column":57}}},"11":{"name":"(anonymous_12)","decl":{"start":{"line":246,"column":2},"end":{"line":246,"column":7}},"loc":{"start":{"line":246,"column":52},"end":{"line":257,"column":3}}},"12":{"name":"(anonymous_13)","decl":{"start":{"line":259,"column":2},"end":{"line":259,"column":7}},"loc":{"start":{"line":259,"column":68},"end":{"line":284,"column":3}}},"13":{"name":"(anonymous_14)","decl":{"start":{"line":286,"column":2},"end":{"line":286,"column":7}},"loc":{"start":{"line":286,"column":38},"end":{"line":291,"column":3}}}},"branchMap":{"0":{"loc":{"start":{"line":26,"column":20},"end":{"line":26,"column":43}},"type":"binary-expr","locations":[{"start":{"line":26,"column":20},"end":{"line":26,"column":37}},{"start":{"line":26,"column":41},"end":{"line":26,"column":43}}]},"1":{"loc":{"start":{"line":42,"column":4},"end":{"line":44,"column":5}},"type":"if","locations":[{"start":{"line":42,"column":4},"end":{"line":44,"column":5}},{"start":{},"end":{}}]},"2":{"loc":{"start":{"line":60,"column":4},"end":{"line":62,"column":5}},"type":"if","locations":[{"start":{"line":60,"column":4},"end":{"line":62,"column":5}},{"start":{},"end":{}}]},"3":{"loc":{"start":{"line":69,"column":4},"end":{"line":71,"column":5}},"type":"if","locations":[{"start":{"line":69,"column":4},"end":{"line":71,"column":5}},{"start":{},"end":{}}]},"4":{"loc":{"start":{"line":94,"column":4},"end":{"line":96,"column":5}},"type":"if","locations":[{"start":{"line":94,"column":4},"end":{"line":96,"column":5}},{"start":{},"end":{}}]},"5":{"loc":{"start":{"line":104,"column":4},"end":{"line":106,"column":5}},"type":"if","locations":[{"start":{"line":104,"column":4},"end":{"line":106,"column":5}},{"start":{},"end":{}}]},"6":{"loc":{"start":{"line":132,"column":6},"end":{"line":134,"column":7}},"type":"if","locations":[{"start":{"line":132,"column":6},"end":{"line":134,"column":7}},{"start":{},"end":{}}]},"7":{"loc":{"start":{"line":132,"column":10},"end":{"line":132,"column":61}},"type":"binary-expr","locations":[{"start":{"line":132,"column":10},"end":{"line":132,"column":21}},{"start":{"line":132,"column":25},"end":{"line":132,"column":61}}]},"8":{"loc":{"start":{"line":137,"column":6},"end":{"line":139,"column":7}},"type":"if","locations":[{"start":{"line":137,"column":6},"end":{"line":139,"column":7}},{"start":{},"end":{}}]},"9":{"loc":{"start":{"line":144,"column":6},"end":{"line":146,"column":7}},"type":"if","locations":[{"start":{"line":144,"column":6},"end":{"line":146,"column":7}},{"start":{},"end":{}}]},"10":{"loc":{"start":{"line":148,"column":6},"end":{"line":150,"column":7}},"type":"if","locations":[{"start":{"line":148,"column":6},"end":{"line":150,"column":7}},{"start":{},"end":{}}]},"11":{"loc":{"start":{"line":148,"column":10},"end":{"line":148,"column":64}},"type":"binary-expr","locations":[{"start":{"line":148,"column":10},"end":{"line":148,"column":40}},{"start":{"line":148,"column":44},"end":{"line":148,"column":64}}]},"12":{"loc":{"start":{"line":161,"column":4},"end":{"line":163,"column":5}},"type":"if","locations":[{"start":{"line":161,"column":4},"end":{"line":163,"column":5}},{"start":{},"end":{}}]},"13":{"loc":{"start":{"line":165,"column":4},"end":{"line":171,"column":5}},"type":"if","locations":[{"start":{"line":165,"column":4},"end":{"line":171,"column":5}},{"start":{},"end":{}}]},"14":{"loc":{"start":{"line":168,"column":6},"end":{"line":170,"column":7}},"type":"if","locations":[{"start":{"line":168,"column":6},"end":{"line":170,"column":7}},{"start":{},"end":{}}]},"15":{"loc":{"start":{"line":168,"column":10},"end":{"line":168,"column":66}},"type":"binary-expr","locations":[{"start":{"line":168,"column":10},"end":{"line":168,"column":23}},{"start":{"line":168,"column":27},"end":{"line":168,"column":66}}]},"16":{"loc":{"start":{"line":174,"column":6},"end":{"line":176,"column":30}},"type":"binary-expr","locations":[{"start":{"line":174,"column":6},"end":{"line":174,"column":30}},{"start":{"line":175,"column":6},"end":{"line":175,"column":26}},{"start":{"line":176,"column":6},"end":{"line":176,"column":30}}]},"17":{"loc":{"start":{"line":178,"column":4},"end":{"line":199,"column":5}},"type":"if","locations":[{"start":{"line":178,"column":4},"end":{"line":199,"column":5}},{"start":{},"end":{}}]},"18":{"loc":{"start":{"line":179,"column":6},"end":{"line":185,"column":7}},"type":"if","locations":[{"start":{"line":179,"column":6},"end":{"line":185,"column":7}},{"start":{},"end":{}}]},"19":{"loc":{"start":{"line":180,"column":8},"end":{"line":182,"column":33}},"type":"binary-expr","locations":[{"start":{"line":180,"column":8},"end":{"line":180,"column":33}},{"start":{"line":181,"column":8},"end":{"line":181,"column":29}},{"start":{"line":182,"column":8},"end":{"line":182,"column":33}}]},"20":{"loc":{"start":{"line":187,"column":6},"end":{"line":189,"column":7}},"type":"if","locations":[{"start":{"line":187,"column":6},"end":{"line":189,"column":7}},{"start":{},"end":{}}]},"21":{"loc":{"start":{"line":196,"column":6},"end":{"line":198,"column":7}},"type":"if","locations":[{"start":{"line":196,"column":6},"end":{"line":198,"column":7}},{"start":{},"end":{}}]},"22":{"loc":{"start":{"line":205,"column":4},"end":{"line":207,"column":5}},"type":"if","locations":[{"start":{"line":205,"column":4},"end":{"line":207,"column":5}},{"start":{},"end":{}}]},"23":{"loc":{"start":{"line":211,"column":4},"end":{"line":213,"column":5}},"type":"if","locations":[{"start":{"line":211,"column":4},"end":{"line":213,"column":5}},{"start":{},"end":{}}]},"24":{"loc":{"start":{"line":221,"column":4},"end":{"line":223,"column":5}},"type":"if","locations":[{"start":{"line":221,"column":4},"end":{"line":223,"column":5}},{"start":{},"end":{}}]},"25":{"loc":{"start":{"line":249,"column":4},"end":{"line":251,"column":5}},"type":"if","locations":[{"start":{"line":249,"column":4},"end":{"line":251,"column":5}},{"start":{},"end":{}}]},"26":{"loc":{"start":{"line":262,"column":4},"end":{"line":264,"column":5}},"type":"if","locations":[{"start":{"line":262,"column":4},"end":{"line":264,"column":5}},{"start":{},"end":{}}]},"27":{"loc":{"start":{"line":266,"column":4},"end":{"line":271,"column":5}},"type":"if","locations":[{"start":{"line":266,"column":4},"end":{"line":271,"column":5}},{"start":{},"end":{}}]},"28":{"loc":{"start":{"line":268,"column":6},"end":{"line":270,"column":7}},"type":"if","locations":[{"start":{"line":268,"column":6},"end":{"line":270,"column":7}},{"start":{},"end":{}}]},"29":{"loc":{"start":{"line":268,"column":10},"end":{"line":268,"column":66}},"type":"binary-expr","locations":[{"start":{"line":268,"column":10},"end":{"line":268,"column":23}},{"start":{"line":268,"column":27},"end":{"line":268,"column":66}}]},"30":{"loc":{"start":{"line":274,"column":4},"end":{"line":276,"column":5}},"type":"if","locations":[{"start":{"line":274,"column":4},"end":{"line":276,"column":5}},{"start":{},"end":{}}]},"31":{"loc":{"start":{"line":279,"column":4},"end":{"line":281,"column":5}},"type":"if","locations":[{"start":{"line":279,"column":4},"end":{"line":281,"column":5}},{"start":{},"end":{}}]},"32":{"loc":{"start":{"line":288,"column":4},"end":{"line":290,"column":5}},"type":"if","locations":[{"start":{"line":288,"column":4},"end":{"line":290,"column":5}},{"start":{},"end":{}}]}},"s":{"0":1,"1":1,"2":1,"3":1,"4":1,"5":1,"6":1,"7":7,"8":4,"9":2,"10":2,"11":1,"12":1,"13":1,"14":1,"15":3,"16":3,"17":1,"18":2,"19":2,"20":1,"21":1,"22":1,"23":1,"24":1,"25":0,"26":1,"27":2,"28":2,"29":1,"30":1,"31":1,"32":1,"33":1,"34":2,"35":2,"36":1,"37":0,"38":1,"39":1,"40":0,"41":1,"42":1,"43":1,"44":0,"45":1,"46":0,"47":1,"48":3,"49":3,"50":0,"51":3,"52":1,"53":1,"54":1,"55":2,"56":2,"57":1,"58":0,"59":1,"60":1,"61":0,"62":0,"63":0,"64":1,"65":1,"66":1,"67":0,"68":1,"69":1,"70":0,"71":1,"72":2,"73":2,"74":1,"75":1,"76":1,"77":1,"78":1,"79":1,"80":1,"81":0,"82":1,"83":1,"84":1,"85":1,"86":1,"87":0,"88":1,"89":0,"90":0,"91":0,"92":1,"93":1,"94":0,"95":1,"96":1,"97":0,"98":1,"99":1,"100":1,"101":0,"102":1},"f":{"0":7,"1":4,"2":2,"3":3,"4":1,"5":2,"6":2,"7":3,"8":2,"9":1,"10":1,"11":1,"12":1,"13":1},"b":{"0":[7,7],"1":[1,1],"2":[1,2],"3":[1,1],"4":[0,1],"5":[1,1],"6":[0,1],"7":[1,1],"8":[0,1],"9":[0,1],"10":[0,1],"11":[1,0],"12":[0,3],"13":[1,2],"14":[1,0],"15":[1,1],"16":[2,1,1],"17":[1,1],"18":[0,1],"19":[1,1,1],"20":[1,0],"21":[0,0],"22":[0,1],"23":[0,1],"24":[1,1],"25":[0,1],"26":[0,1],"27":[0,1],"28":[0,0],"29":[0,0],"30":[0,1],"31":[0,1],"32":[0,1]}}
,"C:\\Developerr\\API\\nepal_trekking_companion_web_project\\backend\\src\\types\\blog.type.ts": {"path":"C:\\Developerr\\API\\nepal_trekking_companion_web_project\\backend\\src\\types\\blog.type.ts","statementMap":{"0":{"start":{"line":1,"column":0},"end":{"line":1,"column":24}},"1":{"start":{"line":3,"column":13},"end":{"line":11,"column":3}},"2":{"start":{"line":13,"column":13},"end":{"line":13,"column":74}},"3":{"start":{"line":15,"column":13},"end":{"line":15,"column":58}},"4":{"start":{"line":17,"column":13},"end":{"line":21,"column":3}},"5":{"start":{"line":23,"column":13},"end":{"line":38,"column":3}}},"fnMap":{},"branchMap":{},"s":{"0":1,"1":1,"2":1,"3":1,"4":1,"5":1},"f":{},"b":{}}
,"C:\\Developerr\\API\\nepal_trekking_companion_web_project\\backend\\src\\types\\booking.type.ts": {"path":"C:\\Developerr\\API\\nepal_trekking_companion_web_project\\backend\\src\\types\\booking.type.ts","statementMap":{"0":{"start":{"line":1,"column":0},"end":{"line":1,"column":24}},"1":{"start":{"line":3,"column":13},"end":{"line":18,"column":3}}},"fnMap":{},"branchMap":{},"s":{"0":1,"1":1},"f":{},"b":{}}
,"C:\\Developerr\\API\\nepal_trekking_companion_web_project\\backend\\src\\types\\stay.type.ts": {"path":"C:\\Developerr\\API\\nepal_trekking_companion_web_project\\backend\\src\\types\\stay.type.ts","statementMap":{"0":{"start":{"line":1,"column":0},"end":{"line":1,"column":24}},"1":{"start":{"line":3,"column":13},"end":{"line":17,"column":3}}},"fnMap":{},"branchMap":{},"s":{"0":1,"1":1},"f":{},"b":{}}
,"C:\\Developerr\\API\\nepal_trekking_companion_web_project\\backend\\src\\types\\trail.type.ts": {"path":"C:\\Developerr\\API\\nepal_trekking_companion_web_project\\backend\\src\\types\\trail.type.ts","statementMap":{"0":{"start":{"line":1,"column":0},"end":{"line":1,"column":24}},"1":{"start":{"line":3,"column":13},"end":{"line":8,"column":3}},"2":{"start":{"line":10,"column":13},"end":{"line":25,"column":3}}},"fnMap":{},"branchMap":{},"s":{"0":1,"1":1,"2":1},"f":{},"b":{}}
,"C:\\Developerr\\API\\nepal_trekking_companion_web_project\\backend\\src\\types\\user.type.ts": {"path":"C:\\Developerr\\API\\nepal_trekking_companion_web_project\\backend\\src\\types\\user.type.ts","statementMap":{"0":{"start":{"line":1,"column":0},"end":{"line":1,"column":24}},"1":{"start":{"line":3,"column":13},"end":{"line":19,"column":3}}},"fnMap":{},"branchMap":{},"s":{"0":1,"1":1},"f":{},"b":{}}
,"C:\\Developerr\\API\\nepal_trekking_companion_web_project\\backend\\src\\uttils\\apihelper.util.ts": {"path":"C:\\Developerr\\API\\nepal_trekking_companion_web_project\\backend\\src\\uttils\\apihelper.util.ts","statementMap":{"0":{"start":{"line":4,"column":24},"end":{"line":15,"column":2}},"1":{"start":{"line":41,"column":37},"end":{"line":47,"column":6}},"2":{"start":{"line":49,"column":4},"end":{"line":49,"column":45}},"3":{"start":{"line":57,"column":40},"end":{"line":62,"column":6}},"4":{"start":{"line":64,"column":4},"end":{"line":64,"column":45}},"5":{"start":{"line":32,"column":0},"end":{"line":32,"column":13}}},"fnMap":{"0":{"name":"(anonymous_0)","decl":{"start":{"line":34,"column":2},"end":{"line":34,"column":8}},"loc":{"start":{"line":39,"column":25},"end":{"line":50,"column":3}}},"1":{"name":"(anonymous_1)","decl":{"start":{"line":52,"column":2},"end":{"line":52,"column":8}},"loc":{"start":{"line":55,"column":24},"end":{"line":65,"column":3}}}},"branchMap":{"0":{"loc":{"start":{"line":37,"column":4},"end":{"line":37,"column":31}},"type":"default-arg","locations":[{"start":{"line":37,"column":22},"end":{"line":37,"column":31}}]},"1":{"loc":{"start":{"line":38,"column":4},"end":{"line":38,"column":24}},"type":"default-arg","locations":[{"start":{"line":38,"column":21},"end":{"line":38,"column":24}}]},"2":{"loc":{"start":{"line":54,"column":4},"end":{"line":54,"column":29}},"type":"default-arg","locations":[{"start":{"line":54,"column":22},"end":{"line":54,"column":29}}]},"3":{"loc":{"start":{"line":55,"column":4},"end":{"line":55,"column":24}},"type":"default-arg","locations":[{"start":{"line":55,"column":21},"end":{"line":55,"column":24}}]}},"s":{"0":1,"1":29,"2":29,"3":30,"4":30,"5":1},"f":{"0":29,"1":30},"b":{"0":[0],"1":[22],"2":[0],"3":[0]}}
}
