TN:
SF:src\app.ts
FN:33,(anonymous_1)
FN:53,(anonymous_2)
FN:60,(anonymous_3)
FNF:3
FNH:2
FNDA:1,(anonymous_1)
FNDA:1,(anonymous_2)
FNDA:0,(anonymous_3)
DA:1,1
DA:2,1
DA:3,1
DA:4,1
DA:5,1
DA:6,1
DA:7,1
DA:8,1
DA:9,1
DA:10,1
DA:11,1
DA:12,1
DA:13,1
DA:14,1
DA:15,1
DA:16,1
DA:17,1
DA:19,1
DA:21,1
DA:29,1
DA:30,1
DA:31,1
DA:33,1
DA:34,1
DA:39,1
DA:40,1
DA:41,1
DA:42,1
DA:43,1
DA:44,1
DA:45,1
DA:46,1
DA:47,1
DA:48,1
DA:49,1
DA:50,1
DA:51,1
DA:53,1
DA:54,1
DA:60,1
DA:61,0
DA:63,0
DA:65,0
DA:69,0
DA:76,0
DA:82,1
LF:46
LH:41
BRDA:63,0,0,0
BRDA:63,0,1,0
BRDA:63,1,0,0
BRDA:63,1,1,0
BRDA:65,2,0,0
BRDA:65,2,1,0
BRDA:65,3,0,0
BRDA:65,3,1,0
BRF:8
BRH:0
end_of_record
TN:
SF:src\configs\constant.ts
FNF:0
FNH:0
DA:1,1
DA:3,1
DA:5,1
DA:7,1
DA:10,1
DA:13,1
DA:14,1
DA:15,1
DA:16,1
LF:9
LH:9
BRDA:5,0,0,1
BRDA:5,0,1,0
BRDA:8,1,0,1
BRDA:8,1,1,0
BRDA:11,2,0,1
BRDA:11,2,1,0
BRDA:13,3,0,1
BRDA:13,3,1,0
BRDA:14,4,0,1
BRDA:14,4,1,0
BRDA:15,5,0,1
BRDA:15,5,1,0
BRDA:16,6,0,1
BRDA:16,6,1,0
BRF:14
BRH:7
end_of_record
TN:
SF:src\controllers\ai.controller.ts
FN:8,(anonymous_0)
FNF:1
FNH:0
FNDA:0,(anonymous_0)
DA:2,1
DA:3,1
DA:5,1
DA:7,1
DA:9,0
DA:10,0
DA:11,0
DA:12,0
DA:14,0
LF:9
LH:4
BRDA:10,0,0,0
BRDA:10,0,1,0
BRDA:16,1,0,0
BRDA:16,1,1,0
BRDA:17,2,0,0
BRDA:17,2,1,0
BRF:6
BRH:0
end_of_record
TN:
SF:src\controllers\blog.controller.ts
FN:15,(anonymous_0)
FN:33,(anonymous_1)
FN:46,(anonymous_2)
FN:75,(anonymous_3)
FN:98,parseRelatedTrails
FN:112,(anonymous_5)
FNF:6
FNH:0
FNDA:0,(anonymous_0)
FNDA:0,(anonymous_1)
FNDA:0,(anonymous_2)
FNDA:0,(anonymous_3)
FNDA:0,parseRelatedTrails
FNDA:0,(anonymous_5)
DA:2,1
DA:3,1
DA:4,1
DA:5,1
DA:7,1
DA:9,1
DA:14,1
DA:16,0
DA:17,0
DA:18,0
DA:19,0
DA:22,0
DA:23,0
DA:25,0
DA:34,0
DA:35,0
DA:36,0
DA:38,0
DA:47,0
DA:48,0
DA:49,0
DA:55,0
DA:56,0
DA:59,0
DA:60,0
DA:67,0
DA:76,0
DA:77,0
DA:78,0
DA:82,0
DA:83,0
DA:86,0
DA:87,0
DA:89,0
DA:99,0
DA:100,0
DA:103,0
DA:104,0
DA:107,0
DA:108,0
DA:110,0
DA:112,0
LF:42
LH:7
BRDA:18,0,0,0
BRDA:18,0,1,0
BRDA:27,1,0,0
BRDA:27,1,1,0
BRDA:28,2,0,0
BRDA:28,2,1,0
BRDA:40,3,0,0
BRDA:40,3,1,0
BRDA:41,4,0,0
BRDA:41,4,1,0
BRDA:51,5,0,0
BRDA:51,5,1,0
BRDA:52,6,0,0
BRDA:52,6,1,0
BRDA:55,7,0,0
BRDA:55,7,1,0
BRDA:69,8,0,0
BRDA:69,8,1,0
BRDA:70,9,0,0
BRDA:70,9,1,0
BRDA:80,10,0,0
BRDA:80,10,1,0
BRDA:82,11,0,0
BRDA:82,11,1,0
BRDA:91,12,0,0
BRDA:91,12,1,0
BRDA:92,13,0,0
BRDA:92,13,1,0
BRDA:99,14,0,0
BRDA:99,14,1,0
BRDA:103,15,0,0
BRDA:103,15,1,0
BRDA:103,16,0,0
BRDA:103,16,1,0
BRF:34
BRH:0
end_of_record
TN:
SF:src\controllers\booking.controller.ts
FN:10,(anonymous_0)
FN:33,(anonymous_1)
FN:51,(anonymous_2)
FNF:3
FNH:3
FNDA:2,(anonymous_0)
FNDA:1,(anonymous_1)
FNDA:2,(anonymous_2)
DA:2,1
DA:3,1
DA:4,1
DA:5,1
DA:7,1
DA:9,1
DA:11,2
DA:12,2
DA:13,2
DA:14,0
DA:17,2
DA:18,2
DA:19,1
DA:22,1
DA:23,1
DA:25,0
DA:34,1
DA:35,1
DA:36,1
DA:37,0
DA:40,1
DA:41,1
DA:43,0
DA:52,2
DA:53,2
DA:54,2
DA:55,0
DA:58,2
DA:62,1
DA:64,1
LF:30
LH:25
BRDA:13,0,0,0
BRDA:13,0,1,2
BRDA:18,1,0,1
BRDA:18,1,1,1
BRDA:27,2,0,0
BRDA:27,2,1,0
BRDA:28,3,0,0
BRDA:28,3,1,0
BRDA:36,4,0,0
BRDA:36,4,1,1
BRDA:45,5,0,0
BRDA:45,5,1,0
BRDA:46,6,0,0
BRDA:46,6,1,0
BRDA:54,7,0,0
BRDA:54,7,1,2
BRDA:66,8,0,1
BRDA:66,8,1,0
BRDA:67,9,0,1
BRDA:67,9,1,0
BRF:20
BRH:7
end_of_record
TN:
SF:src\controllers\review.controller.ts
FN:9,(anonymous_0)
FN:11,(anonymous_1)
FN:15,(anonymous_2)
FN:28,(anonymous_3)
FN:53,(anonymous_4)
FN:79,(anonymous_5)
FNF:6
FNH:0
FNDA:0,(anonymous_0)
FNDA:0,(anonymous_1)
FNDA:0,(anonymous_2)
FNDA:0,(anonymous_3)
FNDA:0,(anonymous_4)
FNDA:0,(anonymous_5)
DA:2,1
DA:3,1
DA:4,1
DA:5,1
DA:7,1
DA:9,1
DA:10,0
DA:11,0
DA:14,1
DA:16,0
DA:17,0
DA:18,0
DA:20,0
DA:29,0
DA:30,0
DA:31,0
DA:33,0
DA:34,0
DA:35,0
DA:38,0
DA:43,0
DA:45,0
DA:54,0
DA:55,0
DA:56,0
DA:58,0
DA:59,0
DA:60,0
DA:63,0
DA:69,0
DA:71,0
DA:80,0
DA:81,0
DA:82,0
DA:84,0
DA:85,0
DA:87,0
LF:37
LH:7
BRDA:10,0,0,0
BRDA:10,0,1,0
BRDA:22,1,0,0
BRDA:22,1,1,0
BRDA:23,2,0,0
BRDA:23,2,1,0
BRDA:31,3,0,0
BRDA:31,3,1,0
BRDA:34,4,0,0
BRDA:34,4,1,0
BRDA:47,5,0,0
BRDA:47,5,1,0
BRDA:48,6,0,0
BRDA:48,6,1,0
BRDA:56,7,0,0
BRDA:56,7,1,0
BRDA:59,8,0,0
BRDA:59,8,1,0
BRDA:73,9,0,0
BRDA:73,9,1,0
BRDA:74,10,0,0
BRDA:74,10,1,0
BRDA:82,11,0,0
BRDA:82,11,1,0
BRDA:89,12,0,0
BRDA:89,12,1,0
BRDA:90,13,0,0
BRDA:90,13,1,0
BRF:28
BRH:0
end_of_record
TN:
SF:src\controllers\stay.controller.ts
FN:8,(anonymous_0)
FN:17,(anonymous_1)
FNF:2
FNH:2
FNDA:1,(anonymous_0)
FNDA:2,(anonymous_1)
DA:2,1
DA:3,1
DA:5,1
DA:7,1
DA:9,1
DA:10,1
DA:11,1
DA:13,0
DA:18,2
DA:19,2
DA:20,1
DA:22,1
LF:12
LH:11
BRDA:13,0,0,0
BRDA:13,0,1,0
BRDA:13,1,0,0
BRDA:13,1,1,0
BRDA:22,2,0,1
BRDA:22,2,1,0
BRDA:22,3,0,1
BRDA:22,3,1,0
BRF:8
BRH:2
end_of_record
TN:
SF:src\controllers\trail.controller.ts
FN:8,(anonymous_0)
FN:21,(anonymous_1)
FNF:2
FNH:2
FNDA:1,(anonymous_0)
FNDA:2,(anonymous_1)
DA:2,1
DA:3,1
DA:5,1
DA:7,1
DA:9,1
DA:10,1
DA:11,1
DA:13,0
DA:22,2
DA:23,2
DA:24,1
DA:26,1
LF:12
LH:11
BRDA:15,0,0,0
BRDA:15,0,1,0
BRDA:16,1,0,0
BRDA:16,1,1,0
BRDA:28,2,0,1
BRDA:28,2,1,0
BRDA:29,3,0,1
BRDA:29,3,1,0
BRF:8
BRH:2
end_of_record
TN:
SF:src\controllers\user.controller.ts
FN:16,(anonymous_0)
FN:44,(anonymous_1)
FN:72,(anonymous_2)
FN:96,(anonymous_3)
FN:137,(anonymous_4)
FN:159,(anonymous_5)
FNF:6
FNH:6
FNDA:6,(anonymous_0)
FNDA:4,(anonymous_1)
FNDA:1,(anonymous_2)
FNDA:3,(anonymous_3)
FNDA:3,(anonymous_4)
FNDA:3,(anonymous_5)
DA:1,1
DA:2,1
DA:3,1
DA:11,1
DA:13,1
DA:15,1
DA:17,6
DA:18,6
DA:20,6
DA:21,4
DA:28,2
DA:30,1
DA:36,1
DA:45,4
DA:46,4
DA:48,4
DA:49,1
DA:56,3
DA:58,1
DA:64,2
DA:73,1
DA:74,1
DA:76,1
DA:77,0
DA:80,1
DA:82,1
DA:88,0
DA:97,3
DA:98,3
DA:100,3
DA:101,0
DA:104,3
DA:106,3
DA:107,0
DA:114,3
DA:118,3
DA:123,1
DA:129,2
DA:138,3
DA:139,3
DA:140,3
DA:141,1
DA:144,2
DA:145,1
DA:151,1
DA:160,3
DA:161,3
DA:162,3
DA:163,3
DA:164,1
DA:171,2
DA:172,1
DA:174,1
LF:53
LH:49
BRDA:20,0,0,4
BRDA:20,0,1,2
BRDA:38,1,0,1
BRDA:38,1,1,0
BRDA:39,2,0,1
BRDA:39,2,1,0
BRDA:48,3,0,1
BRDA:48,3,1,3
BRDA:66,4,0,2
BRDA:66,4,1,0
BRDA:67,5,0,2
BRDA:67,5,1,0
BRDA:76,6,0,0
BRDA:76,6,1,1
BRDA:90,7,0,0
BRDA:90,7,1,0
BRDA:91,8,0,0
BRDA:91,8,1,0
BRDA:100,9,0,0
BRDA:100,9,1,3
BRDA:106,10,0,0
BRDA:106,10,1,3
BRDA:114,11,0,0
BRDA:114,11,1,3
BRDA:120,12,0,0
BRDA:120,12,1,3
BRDA:131,13,0,2
BRDA:131,13,1,0
BRDA:132,14,0,2
BRDA:132,14,1,0
BRDA:140,15,0,1
BRDA:140,15,1,2
BRDA:153,16,0,1
BRDA:153,16,1,0
BRDA:154,17,0,1
BRDA:154,17,1,0
BRDA:163,18,0,1
BRDA:163,18,1,2
BRDA:163,19,0,3
BRDA:163,19,1,3
BRDA:166,20,0,0
BRDA:166,20,1,1
BRDA:176,21,0,1
BRDA:176,21,1,0
BRDA:177,22,0,1
BRDA:177,22,1,0
BRF:46
BRH:26
end_of_record
TN:
SF:src\controllers\admin\blog.controller.ts
FN:17,(anonymous_0)
FN:41,(anonymous_1)
FN:54,(anonymous_2)
FN:76,(anonymous_3)
FN:100,(anonymous_4)
FN:114,parseRelatedTrails
FN:128,(anonymous_6)
FNF:7
FNH:0
FNDA:0,(anonymous_0)
FNDA:0,(anonymous_1)
FNDA:0,(anonymous_2)
FNDA:0,(anonymous_3)
FNDA:0,(anonymous_4)
FNDA:0,parseRelatedTrails
FNDA:0,(anonymous_6)
DA:2,1
DA:3,1
DA:4,1
DA:5,1
DA:7,1
DA:9,1
DA:16,1
DA:18,0
DA:19,0
DA:20,0
DA:21,0
DA:24,0
DA:31,0
DA:33,0
DA:42,0
DA:43,0
DA:44,0
DA:46,0
DA:55,0
DA:56,0
DA:61,0
DA:62,0
DA:65,0
DA:66,0
DA:68,0
DA:77,0
DA:78,0
DA:85,0
DA:86,0
DA:89,0
DA:90,0
DA:92,0
DA:101,0
DA:102,0
DA:103,0
DA:105,0
DA:115,0
DA:116,0
DA:119,0
DA:120,0
DA:123,0
DA:124,0
DA:126,0
DA:128,0
LF:44
LH:7
BRDA:20,0,0,0
BRDA:20,0,1,0
BRDA:35,1,0,0
BRDA:35,1,1,0
BRDA:36,2,0,0
BRDA:36,2,1,0
BRDA:48,3,0,0
BRDA:48,3,1,0
BRDA:49,4,0,0
BRDA:49,4,1,0
BRDA:58,5,0,0
BRDA:58,5,1,0
BRDA:61,6,0,0
BRDA:61,6,1,0
BRDA:70,7,0,0
BRDA:70,7,1,0
BRDA:71,8,0,0
BRDA:71,8,1,0
BRDA:80,9,0,0
BRDA:80,9,1,0
BRDA:81,10,0,0
BRDA:81,10,1,0
BRDA:85,11,0,0
BRDA:85,11,1,0
BRDA:94,12,0,0
BRDA:94,12,1,0
BRDA:95,13,0,0
BRDA:95,13,1,0
BRDA:107,14,0,0
BRDA:107,14,1,0
BRDA:108,15,0,0
BRDA:108,15,1,0
BRDA:115,16,0,0
BRDA:115,16,1,0
BRDA:119,17,0,0
BRDA:119,17,1,0
BRDA:119,18,0,0
BRDA:119,18,1,0
BRF:38
BRH:0
end_of_record
TN:
SF:src\controllers\admin\booking.controller.ts
FN:16,(anonymous_0)
FN:45,(anonymous_1)
FN:58,(anonymous_2)
FN:79,(anonymous_3)
FNF:4
FNH:1
FNDA:0,(anonymous_0)
FNDA:0,(anonymous_1)
FNDA:2,(anonymous_2)
FNDA:0,(anonymous_3)
DA:2,1
DA:3,1
DA:4,1
DA:5,1
DA:7,1
DA:9,1
DA:15,1
DA:17,0
DA:18,0
DA:19,0
DA:20,0
DA:23,0
DA:29,0
DA:37,0
DA:46,0
DA:47,0
DA:48,0
DA:50,0
DA:59,2
DA:60,2
DA:61,2
DA:62,0
DA:65,2
DA:69,2
DA:71,0
DA:80,0
DA:81,0
DA:82,0
DA:84,0
LF:29
LH:12
BRDA:19,0,0,0
BRDA:19,0,1,0
BRDA:39,1,0,0
BRDA:39,1,1,0
BRDA:40,2,0,0
BRDA:40,2,1,0
BRDA:52,3,0,0
BRDA:52,3,1,0
BRDA:53,4,0,0
BRDA:53,4,1,0
BRDA:61,5,0,0
BRDA:61,5,1,2
BRDA:73,6,0,0
BRDA:73,6,1,0
BRDA:74,7,0,0
BRDA:74,7,1,0
BRDA:86,8,0,0
BRDA:86,8,1,0
BRDA:87,9,0,0
BRDA:87,9,1,0
BRF:20
BRH:1
end_of_record
TN:
SF:src\controllers\admin\review.controller.ts
FN:16,(anonymous_0)
FN:45,(anonymous_1)
FN:66,(anonymous_2)
FNF:3
FNH:0
FNDA:0,(anonymous_0)
FNDA:0,(anonymous_1)
FNDA:0,(anonymous_2)
DA:2,1
DA:3,1
DA:4,1
DA:5,1
DA:7,1
DA:9,1
DA:15,1
DA:17,0
DA:18,0
DA:19,0
DA:20,0
DA:23,0
DA:29,0
DA:37,0
DA:46,0
DA:47,0
DA:48,0
DA:49,0
DA:52,0
DA:56,0
DA:58,0
DA:67,0
DA:68,0
DA:69,0
DA:71,0
LF:25
LH:7
BRDA:19,0,0,0
BRDA:19,0,1,0
BRDA:39,1,0,0
BRDA:39,1,1,0
BRDA:40,2,0,0
BRDA:40,2,1,0
BRDA:48,3,0,0
BRDA:48,3,1,0
BRDA:60,4,0,0
BRDA:60,4,1,0
BRDA:61,5,0,0
BRDA:61,5,1,0
BRDA:73,6,0,0
BRDA:73,6,1,0
BRDA:74,7,0,0
BRDA:74,7,1,0
BRF:16
BRH:0
end_of_record
TN:
SF:src\controllers\admin\stay.controller.ts
FN:16,(anonymous_0)
FN:27,(anonymous_1)
FN:36,(anonymous_2)
FN:47,(anonymous_3)
FN:59,(anonymous_4)
FN:70,(anonymous_5)
FN:86,(anonymous_6)
FN:96,parseAmenities
FN:102,(anonymous_8)
FN:106,parseGalleryImages
FNF:10
FNH:6
FNDA:1,(anonymous_0)
FNDA:0,(anonymous_1)
FNDA:2,(anonymous_2)
FNDA:0,(anonymous_3)
FNDA:1,(anonymous_4)
FNDA:0,(anonymous_5)
FNDA:1,(anonymous_6)
FNDA:2,parseAmenities
FNDA:0,(anonymous_8)
FNDA:2,parseGalleryImages
DA:2,1
DA:3,1
DA:4,1
DA:5,1
DA:7,1
DA:9,1
DA:15,1
DA:17,1
DA:18,1
DA:19,1
DA:20,1
DA:21,1
DA:23,0
DA:28,0
DA:29,0
DA:30,0
DA:32,0
DA:37,2
DA:38,2
DA:41,2
DA:47,0
DA:51,2
DA:52,1
DA:53,1
DA:55,0
DA:60,1
DA:61,1
DA:64,1
DA:70,0
DA:78,1
DA:79,1
DA:80,1
DA:82,0
DA:87,1
DA:88,1
DA:89,1
DA:91,0
DA:97,2
DA:98,0
DA:99,0
DA:100,0
DA:102,0
DA:107,2
DA:108,0
DA:109,0
DA:110,0
DA:112,0
LF:47
LH:29
BRDA:19,0,0,0
BRDA:19,0,1,1
BRDA:23,1,0,0
BRDA:23,1,1,0
BRDA:23,2,0,0
BRDA:23,2,1,0
BRDA:32,3,0,0
BRDA:32,3,1,0
BRDA:32,4,0,0
BRDA:32,4,1,0
BRDA:43,5,0,0
BRDA:43,5,1,2
BRDA:46,6,0,0
BRDA:46,6,1,2
BRDA:51,7,0,1
BRDA:51,7,1,1
BRDA:55,8,0,0
BRDA:55,8,1,0
BRDA:55,9,0,0
BRDA:55,9,1,0
BRDA:66,10,0,0
BRDA:66,10,1,1
BRDA:67,11,0,0
BRDA:67,11,1,1
BRDA:73,12,0,0
BRDA:73,12,1,1
BRDA:76,13,0,0
BRDA:76,13,1,1
BRDA:78,14,0,0
BRDA:78,14,1,1
BRDA:82,15,0,0
BRDA:82,15,1,0
BRDA:82,16,0,0
BRDA:82,16,1,0
BRDA:91,17,0,0
BRDA:91,17,1,0
BRDA:91,18,0,0
BRDA:91,18,1,0
BRDA:97,19,0,2
BRDA:97,19,1,0
BRDA:98,20,0,0
BRDA:98,20,1,0
BRDA:98,21,0,0
BRDA:98,21,1,0
BRDA:107,22,0,2
BRDA:107,22,1,0
BRDA:108,23,0,0
BRDA:108,23,1,0
BRDA:108,24,0,0
BRDA:108,24,1,0
BRF:50
BRH:12
end_of_record
TN:
SF:src\controllers\admin\trail.controller.ts
FN:16,(anonymous_0)
FN:45,(anonymous_1)
FN:58,(anonymous_2)
FN:80,(anonymous_3)
FN:104,(anonymous_4)
FN:118,parseWaypoints
FNF:6
FNH:6
FNDA:1,(anonymous_0)
FNDA:1,(anonymous_1)
FNDA:3,(anonymous_2)
FNDA:2,(anonymous_3)
FNDA:1,(anonymous_4)
FNDA:3,parseWaypoints
DA:2,1
DA:3,1
DA:4,1
DA:5,1
DA:7,1
DA:9,1
DA:15,1
DA:17,1
DA:18,1
DA:19,1
DA:20,0
DA:23,1
DA:29,1
DA:37,0
DA:46,1
DA:47,1
DA:48,1
DA:50,0
DA:59,3
DA:60,3
DA:65,3
DA:66,1
DA:69,2
DA:70,1
DA:72,1
DA:81,2
DA:82,2
DA:89,2
DA:90,0
DA:93,2
DA:94,1
DA:96,1
DA:105,1
DA:106,1
DA:107,1
DA:109,0
DA:119,3
DA:120,3
DA:123,0
DA:124,0
DA:127,0
DA:128,0
DA:130,0
LF:43
LH:33
BRDA:19,0,0,0
BRDA:19,0,1,1
BRDA:39,1,0,0
BRDA:39,1,1,0
BRDA:40,2,0,0
BRDA:40,2,1,0
BRDA:52,3,0,0
BRDA:52,3,1,0
BRDA:53,4,0,0
BRDA:53,4,1,0
BRDA:62,5,0,0
BRDA:62,5,1,3
BRDA:65,6,0,1
BRDA:65,6,1,2
BRDA:74,7,0,1
BRDA:74,7,1,0
BRDA:75,8,0,1
BRDA:75,8,1,0
BRDA:84,9,0,0
BRDA:84,9,1,2
BRDA:85,10,0,0
BRDA:85,10,1,2
BRDA:89,11,0,0
BRDA:89,11,1,2
BRDA:98,12,0,1
BRDA:98,12,1,0
BRDA:99,13,0,1
BRDA:99,13,1,0
BRDA:111,14,0,0
BRDA:111,14,1,0
BRDA:112,15,0,0
BRDA:112,15,1,0
BRDA:119,16,0,3
BRDA:119,16,1,0
BRDA:123,17,0,0
BRDA:123,17,1,0
BRDA:123,18,0,0
BRDA:123,18,1,0
BRF:38
BRH:12
end_of_record
TN:
SF:src\controllers\admin\user.controller.ts
FN:19,(anonymous_0)
FN:48,(anonymous_1)
FN:57,(anonymous_2)
FN:70,(anonymous_3)
FN:83,(anonymous_4)
FNF:5
FNH:5
FNDA:2,(anonymous_0)
FNDA:2,(anonymous_1)
FNDA:2,(anonymous_2)
FNDA:1,(anonymous_3)
FNDA:1,(anonymous_4)
DA:2,1
DA:3,1
DA:7,1
DA:8,1
DA:10,1
DA:12,1
DA:18,1
DA:20,2
DA:21,2
DA:22,2
DA:23,1
DA:26,1
DA:32,1
DA:40,0
DA:49,2
DA:50,2
DA:51,1
DA:53,1
DA:58,2
DA:59,2
DA:60,2
DA:61,1
DA:63,1
DA:64,1
DA:66,0
DA:71,1
DA:72,1
DA:73,1
DA:74,0
DA:76,1
DA:77,1
DA:79,0
DA:84,1
DA:85,1
DA:86,1
DA:88,0
LF:36
LH:31
BRDA:22,0,0,1
BRDA:22,0,1,1
BRDA:42,1,0,0
BRDA:42,1,1,0
BRDA:43,2,0,0
BRDA:43,2,1,0
BRDA:53,3,0,1
BRDA:53,3,1,0
BRDA:53,4,0,1
BRDA:53,4,1,0
BRDA:60,5,0,1
BRDA:60,5,1,1
BRDA:66,6,0,0
BRDA:66,6,1,0
BRDA:66,7,0,0
BRDA:66,7,1,0
BRDA:73,8,0,0
BRDA:73,8,1,1
BRDA:79,9,0,0
BRDA:79,9,1,0
BRDA:79,10,0,0
BRDA:79,10,1,0
BRDA:88,11,0,0
BRDA:88,11,1,0
BRDA:88,12,0,0
BRDA:88,12,1,0
BRF:26
BRH:7
end_of_record
TN:
SF:src\dtos\blog.dto.ts
FNF:0
FNH:0
DA:1,1
DA:2,1
DA:4,1
DA:7,1
DA:12,1
DA:30,1
LF:6
LH:6
BRF:0
BRH:0
end_of_record
TN:
SF:src\dtos\booking.dto.ts
FNF:0
FNH:0
DA:1,1
DA:2,1
DA:4,1
DA:7,1
LF:4
LH:4
BRF:0
BRH:0
end_of_record
TN:
SF:src\dtos\review.dto.ts
FNF:0
FNH:0
DA:1,1
DA:3,1
DA:10,1
DA:16,1
LF:4
LH:4
BRF:0
BRH:0
end_of_record
TN:
SF:src\dtos\stay.dto.ts
FNF:0
FNH:0
DA:2,1
DA:4,1
DA:7,1
LF:3
LH:3
BRF:0
BRH:0
end_of_record
TN:
SF:src\dtos\trail.dto.ts
FNF:0
FNH:0
DA:2,1
DA:4,1
DA:7,1
LF:3
LH:3
BRF:0
BRH:0
end_of_record
TN:
SF:src\dtos\user.dto.ts
FNF:0
FNH:0
DA:1,1
DA:2,1
DA:5,1
DA:15,1
DA:22,1
DA:28,1
DA:36,1
DA:55,1
DA:65,1
LF:9
LH:9
BRF:0
BRH:0
end_of_record
TN:
SF:src\exceptions\http-exception.ts
FN:4,(anonymous_0)
FNF:1
FNH:1
FNDA:17,(anonymous_0)
DA:1,1
DA:5,17
DA:6,17
LF:3
LH:3
BRF:0
BRH:0
end_of_record
TN:
SF:src\middlewares\auth.middleware.ts
FN:19,(anonymous_1)
FN:62,(anonymous_2)
FNF:2
FNH:2
FNDA:37,(anonymous_1)
FNDA:24,(anonymous_2)
DA:2,1
DA:3,1
DA:4,1
DA:5,1
DA:7,1
DA:17,1
DA:19,1
DA:24,37
DA:25,37
DA:27,37
DA:28,2
DA:31,35
DA:33,35
DA:34,0
DA:37,35
DA:39,34
DA:40,0
DA:43,34
DA:45,34
DA:46,1
DA:49,33
DA:50,33
DA:52,4
DA:60,1
DA:62,1
DA:67,24
DA:68,24
DA:69,0
DA:72,24
DA:73,1
DA:76,23
DA:78,1
LF:32
LH:29
BRDA:27,0,0,2
BRDA:27,0,1,35
BRDA:27,1,0,37
BRDA:27,1,1,35
BRDA:33,2,0,0
BRDA:33,2,1,35
BRDA:39,3,0,0
BRDA:39,3,1,34
BRDA:39,4,0,34
BRDA:39,4,1,34
BRDA:45,5,0,1
BRDA:45,5,1,33
BRDA:54,6,0,4
BRDA:54,6,1,0
BRDA:55,7,0,4
BRDA:55,7,1,1
BRDA:68,8,0,0
BRDA:68,8,1,24
BRDA:72,9,0,1
BRDA:72,9,1,23
BRDA:80,10,0,1
BRDA:80,10,1,0
BRDA:81,11,0,1
BRDA:81,11,1,0
BRF:24
BRH:18
end_of_record
TN:
SF:src\middlewares\upload.middleware.ts
FN:5,(anonymous_1)
FN:6,(anonymous_2)
FN:11,(anonymous_3)
FN:20,(anonymous_4)
FN:28,(anonymous_5)
FNF:5
FNH:2
FNDA:5,(anonymous_1)
FNDA:0,(anonymous_2)
FNDA:0,(anonymous_3)
FNDA:0,(anonymous_4)
FNDA:5,(anonymous_5)
DA:1,1
DA:2,1
DA:3,1
DA:5,5
DA:7,0
DA:8,0
DA:9,0
DA:12,0
DA:16,0
DA:20,1
DA:21,0
DA:22,0
DA:25,0
DA:28,5
DA:36,1
DA:37,1
DA:38,1
DA:39,1
DA:40,1
LF:19
LH:11
BRDA:21,0,0,0
BRDA:21,0,1,0
BRF:2
BRH:0
end_of_record
TN:
SF:src\models\blog.model.ts
FNF:0
FNH:0
DA:1,1
DA:20,1
DA:29,1
DA:68,1
LF:4
LH:4
BRF:0
BRH:0
end_of_record
TN:
SF:src\models\review.model.ts
FNF:0
FNH:0
DA:1,1
DA:11,1
DA:24,1
DA:26,1
LF:4
LH:4
BRF:0
BRH:0
end_of_record
TN:
SF:src\repositories\blog.repository.ts
FN:7,(anonymous_0)
FN:11,(anonymous_1)
FN:32,(anonymous_2)
FN:36,(anonymous_3)
FN:69,(anonymous_4)
FN:73,(anonymous_5)
FN:80,(anonymous_6)
FN:88,(anonymous_7)
FNF:8
FNH:0
FNDA:0,(anonymous_0)
FNDA:0,(anonymous_1)
FNDA:0,(anonymous_2)
FNDA:0,(anonymous_3)
FNDA:0,(anonymous_4)
FNDA:0,(anonymous_5)
FNDA:0,(anonymous_6)
FNDA:0,(anonymous_7)
DA:1,1
DA:6,1
DA:8,0
DA:12,0
DA:14,0
DA:15,0
DA:18,0
DA:19,0
DA:20,0
DA:29,0
DA:33,0
DA:42,0
DA:44,0
DA:45,0
DA:48,0
DA:49,0
DA:50,0
DA:58,0
DA:66,0
DA:70,0
DA:74,0
DA:81,0
DA:89,0
DA:90,0
LF:24
LH:2
BRDA:14,0,0,0
BRDA:14,0,1,0
BRDA:18,1,0,0
BRDA:18,1,1,0
BRDA:44,2,0,0
BRDA:44,2,1,0
BRDA:48,3,0,0
BRDA:48,3,1,0
BRF:8
BRH:0
end_of_record
TN:
SF:src\repositories\booking.repository.ts
FN:4,(anonymous_0)
FN:8,(anonymous_1)
FN:12,(anonymous_2)
FN:39,(anonymous_3)
FN:43,(anonymous_4)
FN:50,(anonymous_5)
FNF:6
FNH:3
FNDA:1,(anonymous_0)
FNDA:1,(anonymous_1)
FNDA:1,(anonymous_2)
FNDA:0,(anonymous_3)
FNDA:0,(anonymous_4)
FNDA:0,(anonymous_5)
DA:1,1
DA:3,1
DA:5,1
DA:9,1
DA:17,1
DA:19,1
DA:20,1
DA:21,1
DA:28,1
DA:36,1
DA:40,0
DA:44,0
DA:51,0
DA:52,0
LF:14
LH:10
BRDA:19,0,0,1
BRDA:19,0,1,0
BRF:2
BRH:1
end_of_record
TN:
SF:src\repositories\review.repository.ts
FN:4,(anonymous_0)
FN:8,(anonymous_1)
FN:14,(anonymous_2)
FN:18,(anonymous_3)
FN:22,(anonymous_4)
FN:50,(anonymous_5)
FN:57,(anonymous_6)
FNF:7
FNH:0
FNDA:0,(anonymous_0)
FNDA:0,(anonymous_1)
FNDA:0,(anonymous_2)
FNDA:0,(anonymous_3)
FNDA:0,(anonymous_4)
FNDA:0,(anonymous_5)
FNDA:0,(anonymous_6)
DA:1,1
DA:3,1
DA:5,0
DA:9,0
DA:15,0
DA:19,0
DA:27,0
DA:29,0
DA:30,0
DA:31,0
DA:38,0
DA:47,0
DA:51,0
DA:58,0
DA:59,0
LF:15
LH:2
BRDA:29,0,0,0
BRDA:29,0,1,0
BRF:2
BRH:0
end_of_record
TN:
SF:src\repositories\stay.repository.ts
FN:4,(anonymous_0)
FN:8,(anonymous_1)
FN:12,(anonymous_2)
FN:39,(anonymous_3)
FN:43,(anonymous_4)
FN:47,(anonymous_5)
FN:54,(anonymous_6)
FNF:7
FNH:3
FNDA:1,(anonymous_0)
FNDA:0,(anonymous_1)
FNDA:0,(anonymous_2)
FNDA:0,(anonymous_3)
FNDA:1,(anonymous_4)
FNDA:0,(anonymous_5)
FNDA:1,(anonymous_6)
DA:1,1
DA:3,1
DA:5,1
DA:9,0
DA:17,0
DA:19,0
DA:20,0
DA:21,0
DA:28,0
DA:36,0
DA:40,0
DA:44,1
DA:48,0
DA:55,1
DA:56,1
LF:15
LH:6
BRDA:19,0,0,0
BRDA:19,0,1,0
BRF:2
BRH:0
end_of_record
TN:
SF:src\repositories\trail.repository.ts
FN:4,(anonymous_0)
FN:8,(anonymous_1)
FN:12,(anonymous_2)
FN:39,(anonymous_3)
FN:43,(anonymous_4)
FN:47,(anonymous_5)
FN:54,(anonymous_6)
FNF:7
FNH:3
FNDA:1,(anonymous_0)
FNDA:0,(anonymous_1)
FNDA:0,(anonymous_2)
FNDA:0,(anonymous_3)
FNDA:1,(anonymous_4)
FNDA:1,(anonymous_5)
FNDA:0,(anonymous_6)
DA:1,1
DA:3,1
DA:5,1
DA:9,0
DA:17,0
DA:19,0
DA:20,0
DA:21,0
DA:28,0
DA:36,0
DA:40,0
DA:44,1
DA:48,1
DA:55,0
DA:56,0
LF:15
LH:5
BRDA:19,0,0,0
BRDA:19,0,1,0
BRF:2
BRH:0
end_of_record
TN:
SF:src\repositories\user.repository.ts
FN:20,(anonymous_0)
FN:25,(anonymous_1)
FN:30,(anonymous_2)
FN:35,(anonymous_3)
FN:40,(anonymous_4)
FN:66,(anonymous_5)
FN:74,(anonymous_6)
FNF:7
FNH:2
FNDA:0,(anonymous_0)
FNDA:1,(anonymous_1)
FNDA:1,(anonymous_2)
FNDA:0,(anonymous_3)
FNDA:0,(anonymous_4)
FNDA:0,(anonymous_5)
FNDA:0,(anonymous_6)
DA:1,1
DA:19,1
DA:21,0
DA:22,0
DA:26,1
DA:27,1
DA:31,1
DA:32,1
DA:36,0
DA:37,0
DA:45,0
DA:47,0
DA:48,0
DA:49,0
DA:55,0
DA:63,0
DA:67,0
DA:71,0
DA:75,0
DA:76,0
LF:20
LH:6
BRDA:47,0,0,0
BRDA:47,0,1,0
BRF:2
BRH:0
end_of_record
TN:
SF:src\routes\ai.route.ts
FNF:0
FNH:0
DA:1,1
DA:2,1
DA:4,1
DA:5,1
DA:7,1
DA:9,1
LF:6
LH:6
BRF:0
BRH:0
end_of_record
TN:
SF:src\routes\blog.route.ts
FNF:0
FNH:0
DA:1,1
DA:2,1
DA:3,1
DA:4,1
DA:6,1
DA:7,1
DA:9,1
DA:10,1
DA:11,1
DA:17,1
DA:19,1
LF:11
LH:11
BRF:0
BRH:0
end_of_record
TN:
SF:src\routes\booking.route.ts
FNF:0
FNH:0
DA:1,1
DA:2,1
DA:3,1
DA:5,1
DA:6,1
DA:8,1
DA:10,1
DA:11,1
DA:12,1
DA:14,1
LF:10
LH:10
BRF:0
BRH:0
end_of_record
TN:
SF:src\routes\review.route.ts
FNF:0
FNH:0
DA:1,1
DA:2,1
DA:3,1
DA:4,1
DA:6,1
DA:7,1
DA:9,1
DA:10,1
DA:16,1
DA:22,1
DA:24,1
LF:11
LH:11
BRF:0
BRH:0
end_of_record
TN:
SF:src\routes\stay.route.ts
FNF:0
FNH:0
DA:1,1
DA:2,1
DA:4,1
DA:5,1
DA:7,1
DA:8,1
DA:10,1
LF:7
LH:7
BRF:0
BRH:0
end_of_record
TN:
SF:src\routes\trail.route.ts
FNF:0
FNH:0
DA:1,1
DA:2,1
DA:4,1
DA:5,1
DA:7,1
DA:8,1
DA:10,1
LF:7
LH:7
BRF:0
BRH:0
end_of_record
TN:
SF:src\routes\user.route.ts
FNF:0
FNH:0
DA:1,1
DA:2,1
DA:3,1
DA:4,1
DA:6,1
DA:7,1
DA:9,1
DA:10,1
DA:11,1
DA:12,1
DA:13,1
DA:14,1
DA:21,1
LF:13
LH:13
BRF:0
BRH:0
end_of_record
TN:
SF:src\routes\admin\blog.route.ts
FNF:0
FNH:0
DA:1,1
DA:2,1
DA:3,1
DA:4,1
DA:6,1
DA:7,1
DA:9,1
DA:11,1
DA:12,1
DA:13,1
DA:14,1
DA:15,1
DA:16,1
DA:18,1
LF:14
LH:14
BRF:0
BRH:0
end_of_record
TN:
SF:src\routes\admin\booking.route.ts
FNF:0
FNH:0
DA:1,1
DA:2,1
DA:3,1
DA:5,1
DA:6,1
DA:8,1
DA:10,1
DA:11,1
DA:12,1
DA:13,1
DA:14,1
DA:16,1
LF:12
LH:12
BRF:0
BRH:0
end_of_record
TN:
SF:src\routes\admin\review.route.ts
FNF:0
FNH:0
DA:1,1
DA:2,1
DA:3,1
DA:5,1
DA:6,1
DA:8,1
DA:9,1
DA:10,1
DA:11,1
DA:13,1
LF:10
LH:10
BRF:0
BRH:0
end_of_record
TN:
SF:src\routes\admin\stay.route.ts
FNF:0
FNH:0
DA:1,1
DA:2,1
DA:3,1
DA:4,1
DA:6,1
DA:7,1
DA:9,1
DA:11,1
DA:12,1
DA:13,1
DA:21,1
DA:29,1
DA:37,1
DA:39,1
LF:14
LH:14
BRF:0
BRH:0
end_of_record
TN:
SF:src\routes\admin\trail.route.ts
FNF:0
FNH:0
DA:1,1
DA:2,1
DA:3,1
DA:4,1
DA:6,1
DA:7,1
DA:9,1
DA:11,1
DA:12,1
DA:13,1
DA:14,1
DA:15,1
DA:16,1
DA:18,1
LF:14
LH:14
BRF:0
BRH:0
end_of_record
TN:
SF:src\routes\admin\user.route.ts
FNF:0
FNH:0
DA:1,1
DA:2,1
DA:3,1
DA:5,1
DA:6,1
DA:8,1
DA:10,1
DA:11,1
DA:12,1
DA:13,1
DA:14,1
DA:15,1
DA:17,1
LF:13
LH:13
BRF:0
BRH:0
end_of_record
TN:
SF:src\services\ai.service.ts
FN:71,(anonymous_0)
FN:111,(anonymous_1)
FN:154,(anonymous_2)
FN:161,(anonymous_3)
FN:172,(anonymous_4)
FN:196,(anonymous_5)
FN:197,(anonymous_6)
FN:200,(anonymous_7)
FN:221,(anonymous_8)
FN:242,(anonymous_9)
FN:261,(anonymous_10)
FN:282,(anonymous_11)
FN:290,(anonymous_12)
FN:295,(anonymous_13)
FN:296,(anonymous_14)
FN:300,(anonymous_15)
FN:313,(anonymous_16)
FN:318,(anonymous_17)
FN:319,(anonymous_18)
FN:323,(anonymous_19)
FN:335,(anonymous_20)
FN:347,(anonymous_21)
FN:352,(anonymous_22)
FN:357,(anonymous_23)
FN:360,(anonymous_24)
FN:364,(anonymous_25)
FN:365,(anonymous_26)
FN:367,(anonymous_27)
FN:370,(anonymous_28)
FNF:29
FNH:0
FNDA:0,(anonymous_0)
FNDA:0,(anonymous_1)
FNDA:0,(anonymous_2)
FNDA:0,(anonymous_3)
FNDA:0,(anonymous_4)
FNDA:0,(anonymous_5)
FNDA:0,(anonymous_6)
FNDA:0,(anonymous_7)
FNDA:0,(anonymous_8)
FNDA:0,(anonymous_9)
FNDA:0,(anonymous_10)
FNDA:0,(anonymous_11)
FNDA:0,(anonymous_12)
FNDA:0,(anonymous_13)
FNDA:0,(anonymous_14)
FNDA:0,(anonymous_15)
FNDA:0,(anonymous_16)
FNDA:0,(anonymous_17)
FNDA:0,(anonymous_18)
FNDA:0,(anonymous_19)
FNDA:0,(anonymous_20)
FNDA:0,(anonymous_21)
FNDA:0,(anonymous_22)
FNDA:0,(anonymous_23)
FNDA:0,(anonymous_24)
FNDA:0,(anonymous_25)
FNDA:0,(anonymous_26)
FNDA:0,(anonymous_27)
FNDA:0,(anonymous_28)
DA:1,1
DA:2,1
DA:3,1
DA:42,1
DA:43,1
DA:45,1
DA:65,1
DA:70,1
DA:72,0
DA:74,0
DA:75,0
DA:78,0
DA:82,0
DA:84,0
DA:85,0
DA:86,0
DA:92,0
DA:96,0
DA:97,0
DA:98,0
DA:104,0
DA:111,1
DA:112,0
DA:133,0
DA:139,0
DA:140,0
DA:141,0
DA:144,0
DA:145,0
DA:148,0
DA:151,0
DA:154,1
DA:160,0
DA:161,0
DA:172,0
DA:183,0
DA:196,1
DA:197,0
DA:200,1
DA:201,0
DA:203,0
DA:204,0
DA:209,0
DA:214,0
DA:221,1
DA:226,0
DA:227,0
DA:229,0
DA:230,0
DA:231,0
DA:234,0
DA:235,0
DA:237,0
DA:238,0
DA:241,0
DA:242,0
DA:244,0
DA:245,0
DA:248,0
DA:249,0
DA:258,0
DA:261,0
DA:263,0
DA:264,0
DA:267,0
DA:268,0
DA:279,0
DA:282,1
DA:283,0
DA:284,0
DA:285,0
DA:286,0
DA:288,0
DA:289,0
DA:290,0
DA:295,0
DA:296,0
DA:299,0
DA:300,0
DA:311,0
DA:312,0
DA:313,0
DA:318,0
DA:319,0
DA:322,0
DA:323,0
DA:332,0
DA:335,1
DA:336,0
DA:337,0
DA:340,0
DA:341,0
DA:344,0
DA:347,1
DA:348,0
DA:349,0
DA:352,1
DA:353,0
DA:354,0
DA:357,1
DA:358,0
DA:359,0
DA:360,0
DA:361,0
DA:364,1
DA:365,0
DA:366,0
DA:367,0
DA:370,1
DA:371,0
DA:372,0
DA:375,0
LF:112
LH:20
BRDA:74,0,0,0
BRDA:74,0,1,0
BRDA:84,1,0,0
BRDA:84,1,1,0
BRDA:99,2,0,0
BRDA:99,2,1,0
BRDA:105,3,0,0
BRDA:105,3,1,0
BRDA:139,4,0,0
BRDA:139,4,1,0
BRDA:140,5,0,0
BRDA:140,5,1,0
BRDA:144,6,0,0
BRDA:144,6,1,0
BRDA:148,7,0,0
BRDA:148,7,1,0
BRDA:166,8,0,0
BRDA:166,8,1,0
BRDA:185,9,0,0
BRDA:185,9,1,0
BRDA:197,10,0,0
BRDA:197,10,1,0
BRDA:197,11,0,0
BRDA:197,11,1,0
BRDA:210,12,0,0
BRDA:210,12,1,0
BRDA:211,13,0,0
BRDA:211,13,1,0
BRDA:230,14,0,0
BRDA:230,14,1,0
BRDA:234,15,0,0
BRDA:234,15,1,0
BRDA:237,16,0,0
BRDA:237,16,1,0
BRDA:241,17,0,0
BRDA:241,17,1,0
BRDA:244,18,0,0
BRDA:244,18,1,0
BRDA:263,19,0,0
BRDA:263,19,1,0
BRDA:288,20,0,0
BRDA:288,20,1,0
BRDA:288,21,0,0
BRDA:288,21,1,0
BRDA:295,22,0,0
BRDA:295,22,1,0
BRDA:295,22,2,0
BRDA:296,23,0,0
BRDA:296,23,1,0
BRDA:304,24,0,0
BRDA:304,24,1,0
BRDA:311,25,0,0
BRDA:311,25,1,0
BRDA:311,26,0,0
BRDA:311,26,1,0
BRDA:318,27,0,0
BRDA:318,27,1,0
BRDA:318,27,2,0
BRDA:319,28,0,0
BRDA:319,28,1,0
BRDA:336,29,0,0
BRDA:336,29,1,0
BRDA:340,30,0,0
BRDA:340,30,1,0
BRDA:349,31,0,0
BRDA:349,31,1,0
BRDA:354,32,0,0
BRDA:354,32,1,0
BRDA:361,33,0,0
BRDA:361,33,1,0
BRDA:367,34,0,0
BRDA:367,34,1,0
BRDA:371,35,0,0
BRDA:371,35,1,0
BRDA:371,36,0,0
BRDA:371,36,1,0
BRDA:375,37,0,0
BRDA:375,37,1,0
BRF:78
BRH:0
end_of_record
TN:
SF:src\services\blog.service.ts
FN:9,(anonymous_0)
FN:32,(anonymous_1)
FN:34,(anonymous_2)
FN:37,(anonymous_3)
FN:45,(anonymous_4)
FN:62,(anonymous_5)
FN:73,(anonymous_6)
FN:77,(anonymous_7)
FN:87,(anonymous_8)
FN:95,(anonymous_9)
FN:109,(anonymous_10)
FN:137,(anonymous_11)
FNF:12
FNH:0
FNDA:0,(anonymous_0)
FNDA:0,(anonymous_1)
FNDA:0,(anonymous_2)
FNDA:0,(anonymous_3)
FNDA:0,(anonymous_4)
FNDA:0,(anonymous_5)
FNDA:0,(anonymous_6)
FNDA:0,(anonymous_7)
FNDA:0,(anonymous_8)
FNDA:0,(anonymous_9)
FNDA:0,(anonymous_10)
FNDA:0,(anonymous_11)
DA:2,1
DA:4,1
DA:6,1
DA:8,1
DA:10,0
DA:33,0
DA:34,0
DA:38,0
DA:39,0
DA:40,0
DA:42,0
DA:46,0
DA:47,0
DA:48,0
DA:51,0
DA:59,0
DA:63,0
DA:67,0
DA:68,0
DA:70,0
DA:74,0
DA:76,0
DA:77,0
DA:88,0
DA:89,0
DA:90,0
DA:92,0
DA:96,0
DA:97,0
DA:98,0
DA:101,0
DA:106,0
DA:110,0
DA:111,0
DA:112,0
DA:115,0
DA:116,0
DA:117,0
DA:118,0
DA:122,0
DA:129,0
DA:130,0
DA:131,0
DA:134,0
DA:138,0
DA:139,0
DA:140,0
LF:47
LH:4
BRDA:39,0,0,0
BRDA:39,0,1,0
BRDA:39,1,0,0
BRDA:39,1,1,0
BRDA:47,2,0,0
BRDA:47,2,1,0
BRDA:67,3,0,0
BRDA:67,3,1,0
BRDA:89,4,0,0
BRDA:89,4,1,0
BRDA:97,5,0,0
BRDA:97,5,1,0
BRDA:104,6,0,0
BRDA:104,6,1,0
BRDA:104,7,0,0
BRDA:104,7,1,0
BRDA:111,8,0,0
BRDA:111,8,1,0
BRDA:115,9,0,0
BRDA:115,9,1,0
BRDA:117,10,0,0
BRDA:117,10,1,0
BRDA:117,11,0,0
BRDA:117,11,1,0
BRDA:124,12,0,0
BRDA:124,12,1,0
BRDA:124,13,0,0
BRDA:124,13,1,0
BRDA:124,13,2,0
BRDA:130,14,0,0
BRDA:130,14,1,0
BRDA:139,15,0,0
BRDA:139,15,1,0
BRF:33
BRH:0
end_of_record
TN:
SF:src\services\booking.service.ts
FN:11,(anonymous_0)
FN:20,(anonymous_1)
FN:44,(anonymous_2)
FN:78,(anonymous_3)
FN:86,(anonymous_4)
FN:95,(anonymous_5)
FN:97,(anonymous_6)
FN:100,(anonymous_7)
FN:108,(anonymous_8)
FN:118,(anonymous_9)
FN:127,(anonymous_10)
FN:145,(anonymous_11)
FN:152,(anonymous_12)
FNF:13
FNH:9
FNDA:8,(anonymous_0)
FNDA:5,(anonymous_1)
FNDA:1,(anonymous_2)
FNDA:1,(anonymous_3)
FNDA:1,(anonymous_4)
FNDA:1,(anonymous_5)
FNDA:1,(anonymous_6)
FNDA:0,(anonymous_7)
FNDA:0,(anonymous_8)
FNDA:0,(anonymous_9)
FNDA:2,(anonymous_10)
FNDA:0,(anonymous_11)
FNDA:2,(anonymous_12)
DA:2,1
DA:4,1
DA:5,1
DA:6,1
DA:8,1
DA:10,1
DA:12,8
DA:21,5
DA:45,1
DA:46,1
DA:47,1
DA:48,1
DA:49,1
DA:50,1
DA:51,1
DA:52,1
DA:55,1
DA:59,1
DA:79,1
DA:87,1
DA:92,1
DA:96,1
DA:97,1
DA:101,0
DA:107,0
DA:108,0
DA:119,0
DA:120,0
DA:121,0
DA:124,0
DA:128,2
DA:129,2
DA:130,0
DA:133,2
DA:134,2
DA:135,0
DA:138,2
DA:139,1
DA:142,2
DA:146,0
DA:147,0
DA:148,0
DA:153,2
DA:155,2
DA:156,1
DA:159,1
LF:46
LH:34
BRDA:45,0,0,0
BRDA:45,0,1,1
BRDA:48,1,0,1
BRDA:48,1,1,0
BRDA:52,2,0,1
BRDA:52,2,1,0
BRDA:55,3,0,1
BRDA:55,3,1,0
BRDA:120,4,0,0
BRDA:120,4,1,0
BRDA:129,5,0,0
BRDA:129,5,1,2
BRDA:134,6,0,0
BRDA:134,6,1,2
BRDA:138,7,0,1
BRDA:138,7,1,1
BRDA:138,8,0,2
BRDA:138,8,1,2
BRDA:147,9,0,0
BRDA:147,9,1,0
BRDA:155,10,0,1
BRDA:155,10,1,1
BRDA:155,11,0,2
BRDA:155,11,1,2
BRF:24
BRH:14
end_of_record
TN:
SF:src\services\review.service.ts
FN:20,(anonymous_0)
FN:25,(anonymous_1)
FN:43,(anonymous_2)
FN:50,(anonymous_3)
FN:58,(anonymous_4)
FN:61,(anonymous_5)
FN:66,(anonymous_6)
FN:94,(anonymous_7)
FN:109,(anonymous_8)
FN:120,(anonymous_9)
FN:128,(anonymous_10)
FN:133,(anonymous_11)
FN:139,(anonymous_12)
FNF:13
FNH:0
FNDA:0,(anonymous_0)
FNDA:0,(anonymous_1)
FNDA:0,(anonymous_2)
FNDA:0,(anonymous_3)
FNDA:0,(anonymous_4)
FNDA:0,(anonymous_5)
FNDA:0,(anonymous_6)
FNDA:0,(anonymous_7)
FNDA:0,(anonymous_8)
FNDA:0,(anonymous_9)
FNDA:0,(anonymous_10)
FNDA:0,(anonymous_11)
FNDA:0,(anonymous_12)
DA:6,1
DA:8,1
DA:9,1
DA:11,1
DA:12,1
DA:19,1
DA:21,0
DA:22,0
DA:26,0
DA:28,0
DA:44,0
DA:46,0
DA:50,0
DA:55,0
DA:59,0
DA:60,0
DA:61,0
DA:67,0
DA:68,0
DA:70,0
DA:74,0
DA:75,0
DA:78,0
DA:79,0
DA:84,0
DA:85,0
DA:87,0
DA:88,0
DA:90,0
DA:95,0
DA:96,0
DA:97,0
DA:98,0
DA:101,0
DA:105,0
DA:106,0
DA:110,0
DA:111,0
DA:112,0
DA:113,0
DA:116,0
DA:117,0
DA:121,0
DA:127,0
DA:128,0
DA:134,0
DA:135,0
DA:136,0
DA:140,0
DA:141,0
LF:50
LH:6
BRDA:22,0,0,0
BRDA:22,0,1,0
BRDA:32,1,0,0
BRDA:32,1,1,0
BRDA:36,2,0,0
BRDA:36,2,1,0
BRDA:46,3,0,0
BRDA:46,3,1,0
BRDA:68,4,0,0
BRDA:68,4,1,0
BRDA:74,5,0,0
BRDA:74,5,1,0
BRDA:85,6,0,0
BRDA:85,6,1,0
BRDA:87,7,0,0
BRDA:87,7,1,0
BRDA:96,8,0,0
BRDA:96,8,1,0
BRDA:97,9,0,0
BRDA:97,9,1,0
BRDA:103,10,0,0
BRDA:103,10,1,0
BRDA:103,11,0,0
BRDA:103,11,1,0
BRDA:105,12,0,0
BRDA:105,12,1,0
BRDA:111,13,0,0
BRDA:111,13,1,0
BRDA:112,14,0,0
BRDA:112,14,1,0
BRDA:117,15,0,0
BRDA:117,15,1,0
BRDA:135,16,0,0
BRDA:135,16,1,0
BRDA:141,17,0,0
BRDA:141,17,1,0
BRF:36
BRH:0
end_of_record
TN:
SF:src\services\stay.service.ts
FN:9,(anonymous_0)
FN:26,(anonymous_1)
FN:28,(anonymous_2)
FN:31,(anonymous_3)
FN:37,(anonymous_4)
FN:40,(anonymous_5)
FN:45,(anonymous_6)
FN:51,(anonymous_7)
FN:58,(anonymous_8)
FN:74,(anonymous_9)
FNF:10
FNH:9
FNDA:5,(anonymous_0)
FNDA:1,(anonymous_1)
FNDA:1,(anonymous_2)
FNDA:2,(anonymous_3)
FNDA:1,(anonymous_4)
FNDA:1,(anonymous_5)
FNDA:0,(anonymous_6)
FNDA:1,(anonymous_7)
FNDA:1,(anonymous_8)
FNDA:1,(anonymous_9)
DA:2,1
DA:4,1
DA:6,1
DA:8,1
DA:10,5
DA:27,1
DA:28,1
DA:32,2
DA:33,2
DA:34,1
DA:38,1
DA:39,1
DA:40,1
DA:46,0
DA:47,0
DA:48,0
DA:52,1
DA:53,1
DA:54,1
DA:55,1
DA:59,1
DA:60,1
DA:62,1
DA:63,0
DA:64,0
DA:65,0
DA:69,1
DA:70,1
DA:71,1
DA:75,1
DA:76,1
LF:31
LH:25
BRDA:16,0,0,5
BRDA:16,0,1,0
BRDA:33,1,0,1
BRDA:33,1,1,1
BRDA:47,2,0,0
BRDA:47,2,1,0
BRDA:53,3,0,0
BRDA:53,3,1,1
BRDA:60,4,0,0
BRDA:60,4,1,1
BRDA:62,5,0,0
BRDA:62,5,1,1
BRDA:64,6,0,0
BRDA:64,6,1,0
BRDA:64,7,0,0
BRDA:64,7,1,0
BRDA:70,8,0,0
BRDA:70,8,1,1
BRDA:76,9,0,0
BRDA:76,9,1,1
BRF:20
BRH:8
end_of_record
TN:
SF:src\services\trail.service.ts
FN:9,(anonymous_0)
FN:27,(anonymous_1)
FN:29,(anonymous_2)
FN:32,(anonymous_3)
FN:40,(anonymous_4)
FN:44,(anonymous_5)
FN:54,(anonymous_6)
FN:62,(anonymous_7)
FN:72,(anonymous_8)
FN:93,(anonymous_9)
FNF:10
FNH:10
FNDA:6,(anonymous_0)
FNDA:1,(anonymous_1)
FNDA:1,(anonymous_2)
FNDA:2,(anonymous_3)
FNDA:1,(anonymous_4)
FNDA:1,(anonymous_5)
FNDA:1,(anonymous_6)
FNDA:2,(anonymous_7)
FNDA:2,(anonymous_8)
FNDA:1,(anonymous_9)
DA:2,1
DA:4,1
DA:6,1
DA:8,1
DA:10,6
DA:28,1
DA:29,1
DA:33,2
DA:34,2
DA:35,1
DA:37,1
DA:41,1
DA:43,1
DA:44,1
DA:55,1
DA:56,1
DA:57,0
DA:59,1
DA:63,2
DA:64,2
DA:65,1
DA:68,1
DA:69,1
DA:73,2
DA:74,2
DA:75,1
DA:78,1
DA:79,0
DA:80,0
DA:81,0
DA:85,1
DA:86,1
DA:87,0
DA:90,1
DA:94,1
DA:95,1
DA:96,0
LF:37
LH:31
BRDA:34,0,0,1
BRDA:34,0,1,1
BRDA:56,1,0,0
BRDA:56,1,1,1
BRDA:64,2,0,1
BRDA:64,2,1,1
BRDA:74,3,0,1
BRDA:74,3,1,1
BRDA:78,4,0,0
BRDA:78,4,1,1
BRDA:80,5,0,0
BRDA:80,5,1,0
BRDA:80,6,0,0
BRDA:80,6,1,0
BRDA:86,7,0,0
BRDA:86,7,1,1
BRDA:95,8,0,0
BRDA:95,8,1,1
BRF:18
BRH:10
end_of_record
TN:
SF:src\services\user.service.ts
FN:19,(anonymous_1)
FN:30,(anonymous_2)
FN:38,(anonymous_3)
FN:57,(anonymous_4)
FN:91,(anonymous_5)
FN:101,(anonymous_6)
FN:125,(anonymous_7)
FN:155,(anonymous_8)
FN:218,(anonymous_9)
FN:228,(anonymous_10)
FN:236,(anonymous_11)
FN:246,(anonymous_12)
FN:259,(anonymous_13)
FN:286,(anonymous_14)
FNF:14
FNH:14
FNDA:7,(anonymous_1)
FNDA:4,(anonymous_2)
FNDA:2,(anonymous_3)
FNDA:3,(anonymous_4)
FNDA:1,(anonymous_5)
FNDA:2,(anonymous_6)
FNDA:2,(anonymous_7)
FNDA:3,(anonymous_8)
FNDA:2,(anonymous_9)
FNDA:1,(anonymous_10)
FNDA:1,(anonymous_11)
FNDA:1,(anonymous_12)
FNDA:1,(anonymous_13)
FNDA:1,(anonymous_14)
DA:1,1
DA:10,1
DA:11,1
DA:12,1
DA:13,1
DA:14,1
DA:16,1
DA:18,1
DA:20,7
DA:31,4
DA:40,2
DA:42,2
DA:43,1
DA:47,1
DA:49,1
DA:54,1
DA:58,3
DA:60,3
DA:61,1
DA:64,2
DA:69,2
DA:70,1
DA:73,1
DA:85,1
DA:92,1
DA:94,1
DA:95,0
DA:98,1
DA:102,2
DA:104,2
DA:105,1
DA:108,1
DA:113,1
DA:114,1
DA:122,1
DA:126,2
DA:127,2
DA:132,1
DA:133,0
DA:136,1
DA:137,1
DA:138,0
DA:141,1
DA:142,1
DA:144,1
DA:145,0
DA:148,1
DA:149,0
DA:151,1
DA:159,3
DA:161,3
DA:162,0
DA:165,3
DA:166,1
DA:168,1
DA:169,1
DA:174,2
DA:178,2
DA:179,1
DA:184,0
DA:187,1
DA:188,1
DA:191,0
DA:196,0
DA:197,0
DA:202,1
DA:203,1
DA:205,1
DA:206,0
DA:209,1
DA:211,1
DA:212,0
DA:215,1
DA:219,2
DA:221,2
DA:222,1
DA:225,1
DA:229,1
DA:235,1
DA:236,1
DA:247,1
DA:249,1
DA:250,0
DA:253,1
DA:254,1
DA:256,1
DA:260,1
DA:262,1
DA:263,0
DA:266,1
DA:267,0
DA:268,0
DA:269,0
DA:273,1
DA:274,1
DA:275,0
DA:278,1
DA:279,1
DA:280,0
DA:283,1
DA:287,1
DA:288,1
DA:289,0
LF:103
LH:83
BRDA:26,0,0,7
BRDA:26,0,1,7
BRDA:42,1,0,1
BRDA:42,1,1,1
BRDA:60,2,0,1
BRDA:60,2,1,2
BRDA:69,3,0,1
BRDA:69,3,1,1
BRDA:94,4,0,0
BRDA:94,4,1,1
BRDA:104,5,0,1
BRDA:104,5,1,1
BRDA:132,6,0,0
BRDA:132,6,1,1
BRDA:132,7,0,1
BRDA:132,7,1,1
BRDA:137,8,0,0
BRDA:137,8,1,1
BRDA:144,9,0,0
BRDA:144,9,1,1
BRDA:148,10,0,0
BRDA:148,10,1,1
BRDA:148,11,0,1
BRDA:148,11,1,0
BRDA:161,12,0,0
BRDA:161,12,1,3
BRDA:165,13,0,1
BRDA:165,13,1,2
BRDA:168,14,0,1
BRDA:168,14,1,0
BRDA:168,15,0,1
BRDA:168,15,1,1
BRDA:174,16,0,2
BRDA:174,16,1,1
BRDA:174,16,2,1
BRDA:178,17,0,1
BRDA:178,17,1,1
BRDA:179,18,0,0
BRDA:179,18,1,1
BRDA:180,19,0,1
BRDA:180,19,1,1
BRDA:180,19,2,1
BRDA:187,20,0,1
BRDA:187,20,1,0
BRDA:196,21,0,0
BRDA:196,21,1,0
BRDA:205,22,0,0
BRDA:205,22,1,1
BRDA:211,23,0,0
BRDA:211,23,1,1
BRDA:221,24,0,1
BRDA:221,24,1,1
BRDA:249,25,0,0
BRDA:249,25,1,1
BRDA:262,26,0,0
BRDA:262,26,1,1
BRDA:266,27,0,0
BRDA:266,27,1,1
BRDA:268,28,0,0
BRDA:268,28,1,0
BRDA:268,29,0,0
BRDA:268,29,1,0
BRDA:274,30,0,0
BRDA:274,30,1,1
BRDA:279,31,0,0
BRDA:279,31,1,1
BRDA:288,32,0,0
BRDA:288,32,1,1
BRF:68
BRH:44
end_of_record
TN:
SF:src\types\blog.type.ts
FNF:0
FNH:0
DA:1,1
DA:3,1
DA:13,1
DA:15,1
DA:17,1
DA:23,1
LF:6
LH:6
BRF:0
BRH:0
end_of_record
TN:
SF:src\types\booking.type.ts
FNF:0
FNH:0
DA:1,1
DA:3,1
LF:2
LH:2
BRF:0
BRH:0
end_of_record
TN:
SF:src\types\stay.type.ts
FNF:0
FNH:0
DA:1,1
DA:3,1
LF:2
LH:2
BRF:0
BRH:0
end_of_record
TN:
SF:src\types\trail.type.ts
FNF:0
FNH:0
DA:1,1
DA:3,1
DA:10,1
LF:3
LH:3
BRF:0
BRH:0
end_of_record
TN:
SF:src\types\user.type.ts
FNF:0
FNH:0
DA:1,1
DA:3,1
LF:2
LH:2
BRF:0
BRH:0
end_of_record
TN:
SF:src\uttils\apihelper.util.ts
FN:34,(anonymous_0)
FN:52,(anonymous_1)
FNF:2
FNH:2
FNDA:29,(anonymous_0)
FNDA:30,(anonymous_1)
DA:4,1
DA:32,1
DA:41,29
DA:49,29
DA:57,30
DA:64,30
LF:6
LH:6
BRDA:37,0,0,0
BRDA:38,1,0,22
BRDA:54,2,0,0
BRDA:55,3,0,0
BRF:4
BRH:1
end_of_record
